
     [48;5;108m     [48;5;59m [48;5;71m [48;5;77m       [48;5;22m [48;5;108m   [48;5;114m [48;5;59m [49m
     [48;5;108m  [48;5;71m [48;5;22m [48;5;113m [48;5;71m [48;5;94m [48;5;214m  [48;5;58m [48;5;214m    [48;5;100m [48;5;71m  [48;5;16m [48;5;108m  [49m
     [48;5;65m [48;5;16m [48;5;22m [48;5;214m      [48;5;16m [48;5;214m        [48;5;65m  [49m
     [48;5;65m [48;5;214m       [48;5;16m [48;5;214m [48;5;16m [48;5;214m       [48;5;136m [48;5;65m [49m
     [48;5;23m [48;5;214m          [48;5;178m [48;5;214m       [48;5;65m [49m
     [48;5;16m [48;5;214m         [48;5;136m [48;5;94m   [48;5;136m [48;5;214m    [48;5;65m [49m
     [48;5;58m [48;5;214m  [48;5;172m [48;5;64m [48;5;77m             [48;5;71m [48;5;65m [49m
     [48;5;16m [48;5;71m [48;5;77m  [48;5;71m [48;5;77m         [48;5;71m [48;5;77m   [48;5;65m  [49m
     [48;5;59m [48;5;71m [48;5;77m [48;5;77m [48;5;16m [48;5;77m         [48;5;16m [48;5;77m   [48;5;65m  [49m
     [48;5;65m  [48;5;77m      [48;5;71m [48;5;16m [48;5;77m    [48;5;113m [48;5;77m   [48;5;65m  [49m
     [48;5;65m [48;5;16m [48;5;77m  [48;5;150m [48;5;113m [48;5;77m        [48;5;150m [48;5;113m [48;5;77m [48;5;65m [48;5;59m [48;5;65m [49m
     [48;5;16m [48;5;65m [48;5;71m [48;5;77m             [48;5;71m [48;5;22m [48;5;65m  [49m
     [48;5;108m  [48;5;107m [48;5;59m [48;5;77m           [48;5;16m [48;5;114m [48;5;108m   [49m
[1;94m  linpeas v2.3.8[0m[1;33m by carlospolop
[0m
[1;33mADVISORY: [1;34mlinpeas should be used for authorized penetration testing and/or educational purposes only. Any misuse of this software will not be the responsibility of the author or of any other collaborator. Use it at your own networks and/or with the network owner's permission.
[0m
[1;34mLinux Privesc Checklist: [1;33mhttps://book.hacktricks.xyz/linux-unix/linux-privilege-escalation-checklist
[0m [1;4mLEGEND[0m:
  [1;31;103mRED/YELLOW[0m: 99% a PE vector
  [1;31mRED[0m: You must take a look at it
  [1;96mLightCyan[0m: Users with console
  [1;34mBlue[0m: Users without console & mounted devs
  [1;32mGreen[0m: Common things (users, groups, SUID/SGID, mounts, .sh scripts, cronjobs) 
  LightMangeta: Your username


[1;34m====================================( [1;32mBasic information[1;34m )=====================================
[0m[1;37mOS: [0mLinux version 5.4.0-31-generic (buildd@lgw01-amd64-059) (gcc version 9.3.0 (Ubuntu 9.3.0-10ubuntu2)) #35-Ubuntu SMP Thu May 7 20:20:34 UTC 2020
[1;37mUser & Groups: [0muid=997([1;34m[1;95mtomcat[0m[0m) gid=997([1;34m[1;95mtomcat[0m[0m) groups=997([1;34m[1;95mtomcat[0m[0m)
[1;37mHostname: [0mtabby
[1;37mWritable folder: [0m/dev/shm
[1;33m[+] [1;32m/usr/bin/ping[1;34m is available for network discovery[1;37m (linpeas can discover hosts, learn more with -h)
[0m[1;33m[+] [1;32m/usr/bin/nc[1;34m is available for network discover & port scanning[1;37m (linpeas can discover hosts and scan ports, learn more with -h)
[0m

[1;34m====================================( [1;32mSystem Information[1;34m )====================================
[0m[1;33m[+] [1;32mOperative system
[0m[1;34m[i] [1;33mhttps://book.hacktricks.xyz/linux-unix/privilege-escalation#kernel-exploits
[0mLinux version 5.4.0-31-generic (buildd@lgw01-amd64-059) (gcc version 9.3.0 (Ubuntu 9.3.0-10ubuntu2)) #35-Ubuntu SMP Thu May 7 20:20:34 UTC 2020
Distributor ID:	Ubuntu
Description:	Ubuntu 20.04 LTS
Release:	20.04
Codename:	focal

[1;33m[+] [1;32mSudo version
[0m[1;34m[i] [1;33mhttps://book.hacktricks.xyz/linux-unix/privilege-escalation#sudo-version
[0mSudo version 1.8.31

[1;33m[+] [1;32mPATH
[0m[1;34m[i] [1;33mAny writable folder in original PATH? (a new completed path will be exported)
[0m/usr/local/sbin:/usr/local/bin:/usr/sbin:/usr/bin:/sbin:/bin:/snap/bin:/snap/bin:/var/lib/snapd/snap/bin
New path exported: /usr/local/sbin:/usr/local/bin:/usr/sbin:/usr/bin:/sbin:/bin:/snap/bin:/snap/bin:/var/lib/snapd/snap/bin

[1;33m[+] [1;32mDate
[0mSun 13 Sep 2020 03:50:36 PM UTC

[1;33m[+] [1;32mSystem stats
[0mFilesystem      Size  Used Avail Use% Mounted on
/dev/sda2        16G  5.4G  9.6G  36% /
udev            952M     0  952M   0% /dev
tmpfs           994M  4.0K  994M   1% /dev/shm
tmpfs           199M  1.2M  198M   1% /run
tmpfs           5.0M     0  5.0M   0% /run/lock
tmpfs           994M     0  994M   0% /sys/fs/cgroup
/dev/loop0       55M   55M     0 100% /snap/core18/1705
/dev/loop1       28M   28M     0 100% /snap/snapd/7264
/dev/loop2       69M   69M     0 100% /snap/lxd/14804
tmpfs           199M     0  199M   0% /run/user/1000
tmpfs           1.0M     0  1.0M   0% /var/snap/lxd/common/ns
              total        used        free      shared  buff/cache   available
Mem:        2035224      509668      490200        3796     1035356     1336776
Swap:       2097148           0     2097148

[1;33m[+] [1;32mEnvironment
[0m[1;34m[i] [1;33mAny private information inside environment variables?
[0mLESSOPEN=| /usr/bin/lesspipe %s
HISTFILESIZE=0
USER=tomcat
SHLVL=0
HOME=/opt/tomcat
CATALINA_HOME=/usr/share/tomcat9
LOGNAME=tomcat
JOURNAL_STREAM=9:24130
CACHE_DIRECTORY=/var/cache/tomcat9
_=./linpeas.sh
TERM=screen
JDK_JAVA_OPTIONS= --add-opens=java.base/java.lang=ALL-UNNAMED --add-opens=java.base/java.io=ALL-UNNAMED --add-opens=java.rmi/sun.rmi.transport=ALL-UNNAMED
CATALINA_TMPDIR=/tmp
PATH=/usr/local/sbin:/usr/local/bin:/usr/sbin:/usr/bin:/sbin:/bin:/snap/bin:/snap/bin:/var/lib/snapd/snap/bin
INVOCATION_ID=af7404030bf54c35a7477cabc38697a8
JAVA_OPTS=-Djava.awt.headless=true -Djdk.tls.ephemeralDHKeySize=2048 -Djava.protocol.handler.pkgs=org.apache.catalina.webresources -Dorg.apache.catalina.security.SecurityListener.UMASK=0027
LANG=en_US.UTF-8
HISTSIZE=0
SHELL=bash
LESSCLOSE=/usr/bin/lesspipe %s %s
JAVA_HOME=/usr/lib/jvm/default-java
CATALINA_BASE=/var/lib/tomcat9
HISTFILE=/dev/null

[1;33m[+] [1;32mLooking for Signature verification failed in dmseg
[0m[1;90m Not Found
[0m
[1;33m[+] [1;32mselinux enabled? .............. [0m[1;90msestatus Not Found
[0m[1;33m[+] [1;32mPrinter? ...................... [0m[1;90mlpstat Not Found
[0m[1;33m[+] [1;32mIs this a container? .......... [0m[1;90mNo
[0m[1;33m[+] [1;32mIs ASLR enabled? .............. [0m[1;32mYes[0m

[1;34m=========================================( [1;32mDevices[1;34m )==========================================
[0m[1;33m[+] [1;32mAny sd* disk in /dev? (limit 20)
[0msda
sda1
sda2

[1;33m[+] [1;32mUnmounted file-system?
[0m[1;34m[i] [1;33mCheck if you can mount umounted devices
[0m[1;34m/dev/disk/by-uuid/0aadaa55-9138-4c0d-b1dc-fe8a382110f0[0m / ext4 defaults 0 0
/[1;32mswap[0m.img	none	[1;32mswap[0m	sw	0	0


[1;34m====================================( [1;32mAvailable Software[1;34m )====================================
[0m[1;33m[+] [1;32mUseful software
[0m/usr/bin/nc
/usr/bin/netcat
/usr/bin/wget
/usr/bin/curl
/usr/bin/ping
/usr/bin/base64
/usr/bin/python3
/usr/bin/perl
/usr/bin/php
/usr/bin/sudo

[1;33m[+] [1;32mCompilers Installed
[0m/snap/core18/1705/usr/share/gcc-8
/usr/share/gcc-10
/usr/share/bash-completion/completions/gcc-5
/usr/share/bash-completion/completions/gcc-6
/usr/share/bash-completion/completions/gcc-7
/usr/share/bash-completion/completions/gcc-8


[1;34m================================( [1;32mProcesses, Cron & Services[1;34m )================================
[0m[1;33m[+] [1;32mCleaned processes
[0m[1;34m[i] [1;33mCheck weird & unexpected proceses run by root: https://book.hacktricks.xyz/linux-unix/privilege-escalation#processes
[0mUSER         PID %CPU %MEM    VSZ   RSS TTY      STAT START   TIME COMMAND
[1;31mroot[0m           1  0.0  0.5 169536 11676 ?        Ss   08:58   0:02 /sbin/init maybe-ubiquity
[1;31mroot[0m         439  0.0  2.0 101184 41960 ?        S<s  08:59   0:09 /lib/[1;34msys[0mtemd/systemd-journald
[1;31mroot[0m         469  0.0  0.2  21444  5452 ?        Ss   08:59   0:00 /lib/[1;34msys[0mtemd/systemd-[1;32mudev[0md
[1;31mroot[0m         619  0.0  0.8 345796 18200 ?        SLsl 08:59   0:10 /sbin/multipathd -d -s
[1;34msys[0mtemd+     650  0.0  0.3  90388  6416 ?        Ssl  08:59   0:03 /lib/systemd/systemd-timesyncd
[1;31mroot[0m         654  0.0  0.5  47516 10440 ?        Ss   08:59   0:00 /usr/bin[1;32m/VGAuthService[0m
[1;31mroot[0m         655  0.0  0.3 161976  7680 ?        S<sl 08:59   0:22 /usr/bin[1;32m/vmtoolsd[0m
[1;34msys[0mtemd+     737  0.0  0.3  18544  7676 ?        Ss   08:59   0:00 /lib/systemd/systemd-networkd
[1;34msys[0mtemd+     795  0.0  0.6  24048 12520 ?        Ss   08:59   0:03 /lib/systemd/systemd-resolved
[1;31mroot[0m         808  0.0  0.3 235548  7300 ?        Ssl  08:59   0:01 /usr/lib/accoun[1;34mtss[0mervice/accounts-daemon
[1;31mroot[0m         813  0.0  0.1   6812  3056 ?        Ss   08:59   0:00 /usr/sbin/[1;32mcron[0m -f
[1;32mmessage+[0m     819  0.0  0.2   7596  4568 ?        Ss   08:59   0:00 /usr/bin/dbus-[1;34mdaemon[0m --system --address=systemd: --nofork --nopidfile --systemd-activation --syslog-only
[1;31mroot[0m         837  0.0  0.1  81944  3552 ?        Ssl  08:59   0:00 /usr/sbin/irqbalance --foreground
[1;31mroot[0m         838  0.0  0.8  29020 18108 ?        Ss   08:59   0:00 /usr/bin/python3 /usr/bin/networkd-dispatcher --run-startup-triggers
[1;31mroot[0m         846  0.0  0.9 193588 18396 ?        Ss   08:59   0:01 /usr/sbin/[1;32mapache2[0m -k start
[1;34m[1;32msyslog[0m[0m       853  0.0  0.2 224324  5152 ?        Ssl  08:59   0:01 /usr/sbin/rsyslogd -n -iNONE
[1;31mroot[0m         861  0.0  1.4 866756 29988 ?        Ssl  08:59   0:01 /usr/lib/snapd/snapd
[1;31mroot[0m         862  0.0  0.3  16988  7808 ?        Ss   08:59   0:00 /lib/[1;34msys[0mtemd/systemd-logind
[1;34mdaemon[0m       881  0.0  0.1   3792  2260 ?        Ss   08:59   0:00 /usr/sbin/atd -f
[1;34m[1;32m[1;95mtomcat[0m[0m[0m       948  0.3 13.0 3099984 265356 ?      Ssl  08:59   1:25 /usr/lib/jvm/default-java/bin/java -Djava.util.logging.config.file=/var/lib/tomcat9/conf/logging.properties -Djava.util.logging.manager=org.apache.juli.ClassLoaderLogManager -Djava.awt.headless=true -Djdk.tls.ephemeralDHKeySize=2048 -Djava.protocol.handler.pkgs=org.apache.catalina.webresources -Dorg.apache.catalina.security.SecurityListener.UMASK=0027 -Dignore.endorsed.dirs= -classpath /usr/share/tomcat9/bin/bootstrap.jar:/usr/share/tomcat9/bin/tomcat-juli.jar -Dcatalina.base=/var/lib/tomcat9 -Dcatalina.home=/usr/share/tomcat9 -Djava.io.tmpdir=[1;31m/tmp[0m org.apache.catalina.startup.Bootstrap start
[1;31mroot[0m         994  0.0  0.0   5828  1996 tty1     Ss+  08:59   0:00 /sbin/agetty -o -p -- \u --noclear tty1 linux
[1;31mroot[0m        1039  0.0  0.3 232700  6832 ?        Ssl  08:59   0:00 /usr/lib/policykit-1/polkitd --no-debug
[1;31mroot[0m        1077  0.0  1.0 107836 21012 ?        Ssl  08:59   0:00 /usr/bin/python3 /usr/share/unattended-upgrades/unattended-upgrade-shutdown --wait-for-signal
[1;34m[1;32m[1;95mtomcat[0m[0m[0m      1282  0.0  0.0   2608   540 ?        S    09:02   0:00 /bin/sh
[1;34m[1;32m[1;95mtomcat[0m[0m[0m      1416  0.0  0.4  15964 10064 ?        S    09:08   0:00 python3 -c import pty; pty.spawn("/bin/b[1;96mash[0m")
[1;34m[1;32m[1;95mtomcat[0m[0m[0m      1417  0.0  0.2   8304  5168 pts/0    Ss   09:08   0:00 /bin/b[1;96mash[0m
[1;31mroot[0m       53469  0.0  0.2   8772  4120 pts/0    S    09:34   0:00 su [1;96mash[0m
[1;96mash[0m        53482  0.0  0.4  18548  9924 ?        Ss   09:34   0:00 /lib/[1;34msys[0mtemd/systemd --user
[1;96mash[0m        53485  0.0  0.1 105336  3428 ?        S    09:34   0:00 (sd-pam)
[1;96mash[0m        53494  0.0  0.2   8304  5168 pts/0    S    09:34   0:00 bash
[1;31mroot[0m       67679  0.0  0.0   4636  1904 ?        Ss   09:52   0:00 /bin/sh /snap/[1;34mlxd[0m/14804/commands/daemon.start
[1;31mroot[0m       67798  0.0  0.0 163340  1636 ?        Sl   09:52   0:00 lxcfs /var/snap/[1;34mlxd[0m/common/var/lib/lxcfs -p /var/snap/lxd/common/lxcfs.pid
[1;31mroot[0m       67809  0.0  2.4 1861272 50736 ?       SLl  09:53   0:06 [1;34mlxd[0m --logfile /var/snap/lxd/common/lxd/logs/lxd.log --group lxd
[1;31mroot[0m       67845  0.0  0.0   2488   592 ?        S    09:53   0:00 bpfilter_umh
[1;34mlxd[0m        67937  0.0  0.1  43628  3496 ?        Ss   09:53   0:00 dnsmasq --keep-in-foreground --strict-order --bind-interfaces --except-interface=lo --no-ping --interface=lxdbr0 --quiet-dhcp --quiet-dhcp6 --quiet-ra --listen-address=10.61.238.1 --dhcp-no-override --dhcp-authoritative --dhcp-leasefile=/var/snap/lxd/common/lxd/networks/lxdbr0/dnsmasq.leases --dhcp-hostsfile=/var/snap/lxd/common/lxd/networks/lxdbr0/dnsmasq.hosts --dhcp-range 10.61.238.2,10.61.238.254,1h -s lxd -S /lxd/ --conf-file=/var/snap/lxd/common/lxd/networks/lxdbr0/dnsmasq.raw -u lxd
[1;31mroot[0m       68552  0.0  0.0   1568    76 ?        Ss   10:05   0:00 /sbin[1;32m/init[0m
[1;31mroot[0m       68826  0.0  0.0   1568    44 ?        Ss   10:05   0:00 udhcpc -b -R -p /var/run/udhcpc.eth0.pid -i eth0
[1;31mroot[0m       68878  0.0  0.0   1584    60 ?        Ss   10:05   0:00 /sbin/[1;34m[1;32msyslog[0m[0md -t
[1;96mash[0m        68888  0.0  0.8 1318532 17960 pts/0   SLl+ 10:05   0:00 lxc exec ignite /bin/sh
[1;31mroot[0m       68920  0.0  0.2  85348  4984 ?        S    10:05   0:00 /snap/[1;34mlxd[0m/current/bin/lxd forkexec ignite /var/snap/lxd/common/lxd/containers /var/snap/lxd/common/lxd/logs/ignite/lxc.conf  0 0 -- env PATH=/usr/local/sbin:/usr/local/bin:/usr/sbin:/usr/bin:/sbin:/bin HOME=/root USER=root LANG=C.UTF-8 -- cmd /bin/sh
[1;31mroot[0m       68925  0.0  0.0   1644  1092 pts/1    Ss+  10:05   0:00 /bin/sh
[1;34m[1;32mwww-data[0m[0m   71180  0.0  0.6 194172 13164 ?        S    11:24   0:00 /usr/sbin/[1;32mapache2[0m -k start
[1;34m[1;32mwww-data[0m[0m   71202  0.0  0.6 194188 13212 ?        S    11:24   0:00 /usr/sbin/[1;32mapache2[0m -k start
[1;34m[1;32mwww-data[0m[0m   71211  0.0  0.6 194172 13176 ?        S    11:24   0:00 /usr/sbin/[1;32mapache2[0m -k start
[1;34m[1;32mwww-data[0m[0m   71233  0.0  0.6 194188 13212 ?        S    11:24   0:00 /usr/sbin/[1;32mapache2[0m -k start
[1;34m[1;32mwww-data[0m[0m   71234  0.0  0.6 194188 13220 ?        S    11:24   0:00 /usr/sbin/[1;32mapache2[0m -k start
[1;34m[1;32mwww-data[0m[0m   71238  0.0  0.6 194188 13164 ?        S    11:24   0:00 /usr/sbin/[1;32mapache2[0m -k start
[1;34m[1;32m[1;95mtomcat[0m[0m[0m     73031  0.0  0.0   2608   612 ?        S    12:31   0:00 /bin/sh
[1;34m[1;32m[1;95mtomcat[0m[0m[0m     73048  0.0  0.4  15708  9896 ?        S    12:32   0:00 python3 -c import pty; pty.spawn("/bin/b[1;96mash[0m")
[1;34m[1;32m[1;95mtomcat[0m[0m[0m     73049  0.0  0.2   8304  5140 pts/1    Ss   12:32   0:00 /bin/b[1;96mash[0m
[1;31mroot[0m       73320  0.0  0.2   8772  4140 pts/1    S    12:39   0:00 su [1;96mash[0m
[1;96mash[0m        73337  0.0  0.2   8304  5112 pts/1    S+   12:39   0:00 bash
[1;34m[1;32mwww-data[0m[0m   74701  0.0  0.6 194172 12628 ?        S    13:18   0:00 /usr/sbin/[1;32mapache2[0m -k start
[1;34m[1;32mwww-data[0m[0m   74809  0.0  0.6 194156 12524 ?        S    13:22   0:00 /usr/sbin/[1;32mapache2[0m -k start
[1;34m[1;32mwww-data[0m[0m   75919  0.0  0.6 194172 12620 ?        S    14:05   0:00 /usr/sbin/[1;32mapache2[0m -k start
[1;34m[1;32mwww-data[0m[0m   77490  0.0  0.3 193844  8048 ?        S    15:02   0:00 /usr/sbin/[1;32mapache2[0m -k start
[1;34m[1;32m[1;95mtomcat[0m[0m[0m     77749  0.0  0.0   2608   612 ?        S    15:10   0:00 /bin/sh
[1;34m[1;32m[1;95mtomcat[0m[0m[0m     77830  0.0  0.4  15836  9968 ?        S    15:13   0:00 python3 -c import pty; pty.spawn("/bin/b[1;96mash[0m")
[1;34m[1;32m[1;95mtomcat[0m[0m[0m     77831  0.0  0.2   8540  5604 pts/2    Ss   15:13   0:00 /bin/b[1;96mash[0m
[1;34m[1;32m[1;95mtomcat[0m[0m[0m     79018  1.0  0.0   2712  1828 pts/2    S+   15:50   0:00 /bin/sh ./linpeas.sh
[1;34m[1;32m[1;95mtomcat[0m[0m[0m     79019  0.0  0.0   5484   564 pts/2    S+   15:50   0:00 tee linpeas.log
[1;34m[1;32m[1;95mtomcat[0m[0m[0m     79206  0.0  0.1   8876  3316 pts/2    R+   15:50   0:00 ps aux

[1;33m[+] [1;32mBinary processes permissions
[0m[1;34m[i] [1;33mhttps://book.hacktricks.xyz/linux-unix/privilege-escalation#processes
[0m-rwxr-xr-x 1 [1;32mroot[0m root  1183448 Feb 25  2020 /bin/b[1;31mash[0m
lrwxrwxrwx 1 [1;32mroot[0m root        4 Apr 23 07:33 /bin/sh -> d[1;31mash[0m
-rwxr-xr-x 1 [1;32mroot[0m root  1599584 Apr 22 09:04 /lib/[1;34msys[0mtemd/systemd
-rwxr-xr-x 1 [1;32mroot[0m root   157776 Apr 22 09:04 /lib/[1;34msys[0mtemd/systemd-journald
-rwxr-xr-x 1 [1;32mroot[0m root   264328 Apr 22 09:04 /lib/[1;34msys[0mtemd/systemd-logind
-rwxr-xr-x 1 [1;32mroot[0m root  2216800 Apr 22 09:04 /lib/[1;34msys[0mtemd/systemd-networkd
-rwxr-xr-x 1 [1;32mroot[0m root   403520 Apr 22 09:04 /lib/[1;34msys[0mtemd/systemd-resolved
-rwxr-xr-x 1 [1;32mroot[0m root    55360 Apr 22 09:04 /lib/[1;34msys[0mtemd/systemd-timesyncd
-rwxr-xr-x 1 [1;32mroot[0m root   735664 Apr 22 09:04 /lib/[1;34msys[0mtemd/systemd-udevd
-rwxr-xr-x 1 [1;32mroot[0m root    69000 Apr  2 15:29 /sbin/agetty
lrwxrwxrwx 1 [1;32mroot[0m root       20 Apr 22 09:04 /sbin/init -> /lib/[1;34msys[0mtemd/systemd
-rwxr-xr-x 1 [1;32mroot[0m root   129224 Apr  6 08:17 /sbin/multipathd
-rwxr-xr-x 1 [1;32mroot[0m root 28708616 Apr 21 22:01 /snap/[1;34mlxd[0m/current/bin/lxd
-rwxr-xr-x 1 [1;32mroot[0m root   249032 Dec  7  2019 /usr/bin/dbus-[1;34mdaemon[0m
lrwxrwxrwx 1 [1;32mroot[0m root        9 Mar 13  2020 /usr/bin/python3 -> python3.8
-rwxr-xr-x 1 [1;32mroot[0m root   141696 Mar  9  2020 /usr/bin/VGAuthService
-rwxr-xr-x 1 [1;32mroot[0m root    63904 Mar  9  2020 /usr/bin/vmtoolsd
-rwxr-xr-x 1 [1;32mroot[0m root   203192 Mar 30 19:22 /usr/lib/accoun[1;34mtss[0mervice/accounts-daemon
-rwxr-xr-x 1 [1;32mroot[0m root    14560 Apr 16 12:54 /usr/lib/jvm/default-java/bin/java
-rwxr-xr-x 1 [1;32mroot[0m root   121504 Aug 16  2019 /usr/lib/policykit-1/polkitd
-rwxr-xr-x 1 [1;32mroot[0m root 24158608 Apr 10 14:57 /usr/lib/snapd/snapd
-rwxr-xr-x 1 [1;32mroot[0m root   704520 Apr 13 17:19 /usr/sbin/apache2
-rwxr-xr-x 1 [1;32mroot[0m root    30728 Nov 12  2018 /usr/sbin/atd
-rwxr-xr-x 1 [1;32mroot[0m root    55944 Feb 13  2020 /usr/sbin/cron
-rwxr-xr-x 1 [1;32mroot[0m root    64432 Feb 13  2020 /usr/sbin/irqbalance
-rwxr-xr-x 1 [1;32mroot[0m root   727248 Feb 11  2020 /usr/sbin/r[1;34m[1;32msyslog[0m[0md

[1;33m[+] [1;32mCron jobs
[0m[1;34m[i] [1;33mhttps://book.hacktricks.xyz/linux-unix/privilege-escalation#scheduled-jobs
[0m# Edit this file to introduce tasks to be run by cron.
# 
# Each task to run has to be defined through a single line
# indicating with different fields when the task will be run
# and what com[1;34mman[0md to run for the task
# 
# To define the time you can provide concrete values for
# minute (m), hour (h), day of month (dom), month (mon),
# and day of week (dow) or use '*' in these fields (for 'any').
# 
# Notice that tasks will be started based on the cron's [1;34msys[0mtem
# [1;34mdaemon[0m's notion of time and timezones.
# 
# Output of the crontab jobs (including errors) is sent through
# e[1;34mmail[0m to the user the crontab file belongs to (unless redirected).
# 
# For example, you can run a [1;34mbackup[0m of all your user accounts
# at 5 a.m every week with:
# 0 [1;31;103m5 *[0m * 1 tar -zcf /var/[1;34mbackup[0ms/home.tgz /home/
# 
# For more information see the [1;34mman[0mual pages of crontab(5) and cron(8)
# 
# m h  dom mon dow   com[1;34mman[0md

-rw-r--r-- 1 root root 1040 May 21 13:46 /etc/crontab

/etc/cron.d:
total 24
drwxr-xr-x   2 root root 4096 May 21 10:31 .
drwxr-xr-x 101 root root 4096 Jun 17 16:22 ..
-rw-r--r--   1 root root  201 Feb 14  2020 [1;32me2scrub_all[0m
-rw-r--r--   1 root root  712 Mar 27 07:44 [1;32mphp[0m
-rw-r--r--   1 root root  102 Feb 13  2020 [1;32m.placeholder[0m
-rw-r--r--   1 root root  191 Apr 23 07:34 popularity-contest

/etc/cron.daily:
total 60
drwxr-xr-x   2 root root 4096 May 21 10:31 .
drwxr-xr-x 101 root root 4096 Jun 17 16:22 ..
-rwxr-xr-x   1 root root  539 Apr 13 17:19 [1;32mapache2[0m
-rwxr-xr-x   1 root root  376 Dec  4  2019 [1;32mapport[0m
-rwxr-xr-x   1 root root 1478 Apr  9 10:21 [1;32mapt-compat[0m
-rwxr-xr-x   1 root root  355 Dec 29  2017 [1;32mbsdmainutils[0m
-rwxr-xr-x   1 root root 1187 Sep  5  2019 [1;32mdpkg[0m
-rwxr-xr-x   1 root root  377 Jan 21  2019 [1;32mlogrotate[0m
-rwxr-xr-x   1 root root 1123 Feb 25  2020 [1;32mman-db[0m
-rwxr-xr-x   1 root root  543 Jul 16  2019 [1;32mmlocate[0m
-rw-r--r--   1 root root  102 Feb 13  2020 [1;32m.placeholder[0m
-rwxr-xr-x   1 root root 4574 Jul 18  2019 popularity-contest
-rwxr-xr-x   1 root root  538 Feb 24  2020 tomcat9
-rwxr-xr-x   1 root root  214 Apr  2 11:25 [1;32mupdate-notifier-common[0m

/etc/cron.hourly:
total 12
drwxr-xr-x   2 root root 4096 Apr 23 07:33 .
drwxr-xr-x 101 root root 4096 Jun 17 16:22 ..
-rw-r--r--   1 root root  102 Feb 13  2020 [1;32m.placeholder[0m

/etc/cron.monthly:
total 12
drwxr-xr-x   2 root root 4096 Apr 23 07:33 .
drwxr-xr-x 101 root root 4096 Jun 17 16:22 ..
-rw-r--r--   1 root root  102 Feb 13  2020 [1;32m.placeholder[0m

/etc/cron.weekly:
total 20
drwxr-xr-x   2 root root 4096 Apr 23 07:35 .
drwxr-xr-x 101 root root 4096 Jun 17 16:22 ..
-rwxr-xr-x   1 root root  813 Feb 25  2020 [1;32mman-db[0m
-rw-r--r--   1 root root  102 Feb 13  2020 [1;32m.placeholder[0m
-rwxr-xr-x   1 root root  211 Apr  2 11:25 [1;32mupdate-notifier-common[0m

SHELL=/bin/sh
PATH=/usr/local/s[1;34mbin:[0m/usr/local/bin:/sbin:/bin:/usr/sbin:/usr/bin

# Edit this file to introduce tasks to be run by cron.
# 
# Each task to run has to be defined through a single line
# indicating with different fields when the task will be run
# and what command to run for the task
# 
# To define the time you can provide concrete values for
# minute (m), hour (h), day of month (dom), month (mon),
# and day of week (dow) or use '*' in these fields (for 'any').
# 
# Notice that tasks will be started based on the cron's system
# daemon's notion of time and timezones.
# 
# Output of the crontab jobs (including errors) is sent through
# email to the user the crontab file belongs to (unless redirected).
# 
# For example, you can run a backup of all your user accounts
# at 5 a.m every week with:
# 0 5 * * 1 tar -zcf /var/backups/home.tgz /home/
# 
# For more information see the manual pages of crontab(5) and cron(8)
# 
# m h  dom mon dow   command


[1;33m[+] [1;32mServices
[0m[1;34m[i] [1;33mSearch for outdated versions
[0m [ - ]  apache-htcacheclean
 [ + ]  apache2
 [ + ]  apparmor
 [ + ]  apport
 [ + ]  atd
 [ - ]  console-setup.sh
 [ + ]  cron
 [ - ]  cryptdisks
 [ - ]  cryptdisks-early
 [ + ]  dbus
 [ + ]  grub-common
 [ - ]  hwclock.sh
 [ + ]  irqbalance
 [ - ]  iscsid
 [ - ]  keyboard-setup.sh
 [ + ]  kmod
 [ - ]  lvm2
 [ - ]  lvm2-lvmpolld
 [ + ]  multipath-tools
 [ + ]  networking
 [ - ]  open-iscsi
 [ + ]  open-vm-tools
 [ - ]  plymouth
 [ - ]  plymouth-log
 [ + ]  procps
 [ - ]  rsync
 [ + ]  rsyslog
 [ - ]  screen-cleanup
 [ + ]  ssh
 [ + ]  udev
 [ + ]  ufw
 [ + ]  unattended-upgrades
 [ - ]  uuidd
 [ - ]  x11-common


[1;34m===================================( [1;32mNetwork Information[1;34m )====================================
[0m[1;33m[+] [1;32mHostname, hosts and DNS
[0mtabby
127.0.0.1 localhost
127.0.1.1 tabby
127.0.0.1 megahosting.com

::1     ip6-localhost ip6-loopback
fe00::0 ip6-localnet
ff00::0 ip6-mcastprefix
ff02::1 ip6-allnodes
ff02::2 ip6-allrouters

nameserver 127.0.0.53
options edns0

[1;33m[+] [1;32mContent of /etc/inetd.conf & /etc/xinetd.conf
[0m[1;90m/etc/inetd.conf Not Found
[0m
[1;33m[+] [1;32mNetworks and neighbours
[0m# symbolic names for networks, see networks(5) for more information
link-local 169.254.0.0
ens192: flags=4163<UP,BROADCAST,RUNNING,MULTICAST>  mtu 1500
        inet 10.10.10.194  netmask 255.255.255.0  broadcast 10.10.10.255
        ether 00:50:56:b9:4f:11  txqueuelen 1000  (Ethernet)
        RX packets 90761  bytes 21218258 (21.2 MB)
        RX errors 0  dropped 377  overruns 0  frame 0
        TX packets 78339  bytes 32237881 (32.2 MB)
        TX errors 0  dropped 0 overruns 0  carrier 0  collisions 0

lo: flags=73<UP,LOOPBACK,RUNNING>  mtu 65536
        inet 127.0.0.1  netmask 255.0.0.0
        loop  txqueuelen 1000  (Local Loopback)
        RX packets 67037  bytes 4771828 (4.7 MB)
        RX errors 0  dropped 0  overruns 0  frame 0
        TX packets 67037  bytes 4771828 (4.7 MB)
        TX errors 0  dropped 0 overruns 0  carrier 0  collisions 0

lxdbr0: flags=4163<UP,BROADCAST,RUNNING,MULTICAST>  mtu 1500
        inet 10.61.238.1  netmask 255.255.255.0  broadcast 0.0.0.0
        ether f2:4a:af:32:77:35  txqueuelen 1000  (Ethernet)
        RX packets 56  bytes 6124 (6.1 KB)
        RX errors 0  dropped 0  overruns 0  frame 0
        TX packets 38  bytes 5585 (5.5 KB)
        TX errors 0  dropped 0 overruns 0  carrier 0  collisions 0

veth95effbe2: flags=4163<UP,BROADCAST,RUNNING,MULTICAST>  mtu 1500
        ether f2:4a:af:32:77:35  txqueuelen 1000  (Ethernet)
        RX packets 56  bytes 6908 (6.9 KB)
        RX errors 0  dropped 0  overruns 0  frame 0
        TX packets 36  bytes 5477 (5.4 KB)
        TX errors 0  dropped 0 overruns 0  carrier 0  collisions 0

Kernel IP routing table
Destination     Gateway         Genmask         Flags Metric Ref    Use Iface
default         _gateway        0.0.0.0         UG    0      0        0 ens192
10.10.10.0      0.0.0.0         255.255.255.0   U     0      0        0 ens192
10.61.238.0     0.0.0.0         255.255.255.0   U     0      0        0 lxdbr0

[1;33m[+] [1;32mIptables rules
[0m[1;90miptables rules Not Found
[0m
[1;33m[+] [1;32mActive Ports
[0m[1;34m[i] [1;33mhttps://book.hacktricks.xyz/linux-unix/privilege-escalation#internal-open-ports
[0mActive Internet connections (servers and established)
Proto Recv-Q Send-Q Local Address           Foreign Address         State       PID/Program name    
tcp        0      0 10.61.238.1:53          0.0.0.0:*               LISTEN      -                   
tcp        0      0 127.0.0.53:53           0.0.0.0:*               LISTEN      -                   
tcp        0      0 0.0.0.0:22              0.0.0.0:*               LISTEN      -                   
tcp        0      0 0.0.0.0:8080            0.0.0.0:*               LISTEN      948/java            
tcp        0      0 0.0.0.0:80              0.0.0.0:*               LISTEN      -                   
tcp        0   2795 10.10.10.194:50572      10.10.14.21:4444        ESTABLISHED 948/java            
tcp6       0      0 :::22                   :::*                    LISTEN      -                   
udp        0      0 10.61.238.1:53          0.0.0.0:*                           -                   
udp        0      0 127.0.0.53:53           0.0.0.0:*                           -                   
udp        0      0 0.0.0.0:67              0.0.0.0:*                           -                   

[1;33m[+] [1;32mCan I sniff with tcpdump?
[0m[1;90mNo
[0m

[1;34m====================================( [1;32mUsers Information[1;34m )=====================================
[0m[1;33m[+] [1;32mMy user
[0m[1;34m[i] [1;33mhttps://book.hacktricks.xyz/linux-unix/privilege-escalation#groups
[0muid=997([1;95m[1;34mtomcat[0m[0m) gid=997([1;95m[1;34mtomcat[0m[0m) groups=997([1;95m[1;34mtomcat[0m[0m)

[1;33m[+] [1;32mDo I have PGP keys?
[0m[1;90mgpg Not Found
[0m
[1;33m[+] [1;32mClipboard or highlighted text?
[0m[1;90mxsel and xclip Not Found
[0m
[1;33m[+] [1;32mTesting 'sudo -l' without password & /etc/sudoers
[0m[1;34m[i] [1;33mhttps://book.hacktricks.xyz/linux-unix/privilege-escalation#commands-with-sudo-and-suid-commands
[0m
[1;33m[+] [1;32mChecking /etc/doas.conf
[0m[1;90m/etc/doas.conf Not Found
[0m
[1;33m[+] [1;32mChecking Pkexec policy
[0m
[Configuration]
AdminIdentities=unix-user:0
[Configuration]
AdminIdentities=unix-group:sudo;unix-group:admin

[1;33m[+] [1;32mDo not forget to test 'su' as any other user with shell: without password and with their names as password (I can't do it...)
[0m[1;33m[+] [1;32mDo not forget to execute 'sudo -l' without password or with valid password (if you know it)!!
[0m
[1;33m[+] [1;32mSuperusers
[0m[1;31mroot[0m:x:0:0:root:/root:/bin/b[1;96mash[0m

[1;33m[+] [1;32mUsers with console
[0m[1;96mash[0m:x:1000:1000:clive:/home/ash:/bin/bash
[1;31mroot[0m:x:0:0:root:/root:/bin/b[1;96mash[0m

[1;33m[+] [1;32mAll users & groups
[0muid=0([1;31mroot[0m) gid=0[1;31m(root)[0m groups=0[1;31m(root)[0m
uid=1000([1;96mash[0m) gid=1000([1;96mash[0m) groups=1000([1;96mash[0m),4[1;32m(adm)[0m,24[1;32m(cdrom)[0m,30(dip),46[1;32m(plugdev)[0m,116([1;34mlxd[0m)
uid=100([1;34msystemd-network[0m) gid=102([1;34msystemd-network[0m) groups=102([1;34msystemd-network[0m)
uid=101([1;34msystemd-resolve[0m) gid=103([1;34msystemd-resolve[0m) groups=103([1;34msystemd-resolve[0m)
uid=102([1;34msystemd-timesync[0m) gid=104([1;34msystemd-timesync[0m) groups=104([1;34msystemd-timesync[0m)
uid=103([1;34mmessagebus[0m) gid=106([1;34mmessagebus[0m) groups=106([1;34mmessagebus[0m)
uid=104([1;34m[1;32msyslog[0m[0m) gid=110([1;34m[1;32msyslog[0m[0m) groups=110([1;34m[1;32msyslog[0m[0m),4[1;32m(adm)[0m
uid=105([1;34m_apt[0m) gid=65534[1;32m(nogroup)[0m groups=65534[1;32m(nogroup)[0m
uid=106([1;34mtss[0m) gid=111([1;34mtss[0m) groups=111([1;34mtss[0m)
uid=107([1;34muuidd[0m) gid=112([1;34muuidd[0m) groups=112([1;34muuidd[0m)
uid=108([1;34mtcpdump[0m) gid=113([1;34mtcpdump[0m) groups=113([1;34mtcpdump[0m)
uid=109([1;34mlandscape[0m) gid=115([1;34mlandscape[0m) groups=115([1;34mlandscape[0m)
uid=10([1;34muucp[0m) gid=10([1;34muucp[0m) groups=10([1;34muucp[0m)
uid=110([1;34mpollinate[0m) gid=1([1;34mdaemon[0m) groups=1([1;34mdaemon[0m)
uid=111([1;34msshd[0m) gid=65534[1;32m(nogroup)[0m groups=65534[1;32m(nogroup)[0m
uid=112([1;34mmysql[0m) gid=120([1;34mmysql[0m) groups=120([1;34mmysql[0m)
uid=13([1;34mproxy[0m) gid=13([1;34mproxy[0m) groups=13([1;34mproxy[0m)
uid=1([1;34mdaemon[0m) gid=1([1;34mdaemon[0m) groups=1([1;34mdaemon[0m)
uid=2(bin) gid=2(bin) groups=2(bin)
uid=33([1;34m[1;32mwww-data[0m[0m) gid=33([1;34m[1;32mwww-data[0m[0m) groups=33([1;34m[1;32mwww-data[0m[0m)
uid=34([1;34mbackup[0m) gid=34([1;34mbackup[0m) groups=34([1;34mbackup[0m)
uid=38([1;34mlist[0m) gid=38([1;34mlist[0m) groups=38([1;34mlist[0m)
uid=39([1;34mirc[0m) gid=39([1;34mirc[0m) groups=39([1;34mirc[0m)
uid=3([1;34msys[0m) gid=3([1;34msys[0m) groups=3([1;34msys[0m)
uid=41([1;34mgnats[0m) gid=41([1;34mgnats[0m) groups=41([1;34mgnats[0m)
uid=4([1;34msync[0m) gid=65534[1;32m(nogroup)[0m groups=65534[1;32m(nogroup)[0m
uid=5([1;34mgames[0m) gid=60([1;34mgames[0m) groups=60([1;34mgames[0m)
uid=65534([1;34mnobody[0m) gid=65534[1;32m(nogroup)[0m groups=65534[1;32m(nogroup)[0m
uid=6([1;34mman[0m) gid=12([1;34mman[0m) groups=12([1;34mman[0m)
uid=7([1;34mlp[0m) gid=7([1;34mlp[0m) groups=7([1;34mlp[0m)
uid=8([1;34m[1;32mmail[0m[0m) gid=8([1;34m[1;32mmail[0m[0m) groups=8([1;34m[1;32mmail[0m[0m)
uid=997([1;95m[1;34mtomcat[0m[0m) gid=997([1;95m[1;34mtomcat[0m[0m) groups=997([1;95m[1;34mtomcat[0m[0m)
uid=998([1;34mlxd[0m) gid=100(users) groups=100(users)
uid=999([1;34msystemd-coredump[0m) gid=999([1;34msystemd-coredump[0m) groups=999([1;34msystemd-coredump[0m)
uid=9([1;34mnews[0m) gid=9([1;34mnews[0m) groups=9([1;34mnews[0m)

[1;33m[+] [1;32mLogin now
[0m 15:50:39 up  6:51,  0 users,  load average: 0.00, 0.00, 0.00
USER     TTY      FROM             LOGIN@   IDLE   JCPU   PCPU WHAT

[1;33m[+] [1;32mLast logons
[0m[1;31mroot[0m     tty1                          Tue May 19 23:18 - down   (00:02)
reboot   [1;34msys[0mtem boot  5.4.0-31-generic Tue May 19 23:16 - 23:20  (00:04)
[1;31mroot[0m     tty1                          Tue May 19 23:15 - down   (00:00)
reboot   [1;34msys[0mtem boot  5.4.0-31-generic Tue May 19 23:12 - 23:16  (00:03)
[1;31mroot[0m     tty1                          Tue May 19 22:23 - down   (00:49)
reboot   [1;34msys[0mtem boot  5.4.0-31-generic Tue May 19 11:55 - 23:12  (11:17)
clive    tty1                          Tue May 19 11:48 - down   (00:07)
reboot   [1;34msys[0mtem boot  5.4.0-31-generic Tue May 19 10:39 - 11:55  (01:16)

wtmp begins Tue May 19 10:39:15 2020

[1;33m[+] [1;32mLast time logon each user
[0mUsername         Port     From             Latest
[1;31mroot[0m             pts/0    10.10.14.2       Wed Jun 17 21:58:30 +0000 2020
[1;96mash[0m              tty1                      Tue May 19 11:48:00 +0000 2020
[1;31mroot[0m             pts/0    10.10.14.2       Wed Jun 17 21:58:30 +0000 2020

[1;33m[+] [1;32mPassword policy
[0mPASS_MAX_DAYS	99999
PASS_MIN_DAYS	0
PASS_WARN_AGE	7
ENCRYPT_METHOD SHA512

[1;33m[+] [1;32mUser timers
[0m[1;90m Not Found
[0m
[1;34m===================================( [1;32mSoftware Information[1;34m )===================================
[0m[1;33m[+] [1;32mMySQL version
[0mmysql  Ver 8.0.20-0ubuntu0.20.04.1 for Linux on x86_64 ((Ubuntu))

[1;33m[+] [1;32mMySQL connection using default root/root ........... [0m[1;90mNo
[0m[1;33m[+] [1;32mMySQL connection using root/toor ................... [0m[1;90mNo
[0m[1;33m[+] [1;32mMySQL connection using root/NOPASS ................. [0m[1;90mNo
[0m[1;33m[+] [1;32mLooking for mysql credentials and exec
[0m
[1;33m[+] [1;32mPostgreSQL version and pgadmin credentials
[0m[1;90m Not Found
[0m
[1;33m[+] [1;32mPostgreSQL connection to template0 using postgres/NOPASS ........ [0m[1;90mNo
[0m[1;33m[+] [1;32mPostgreSQL connection to template1 using postgres/NOPASS ........ [0m[1;90mNo
[0m[1;33m[+] [1;32mPostgreSQL connection to template0 using pgsql/NOPASS ........... [0m[1;90mNo
[0m[1;33m[+] [1;32mPostgreSQL connection to template1 using pgsql/NOPASS ........... [0m[1;90mNo
[0m
[1;33m[+] [1;32mApache server info
[0mVersion: Server version: Apache/2.4.41 (Ubuntu)
Server built:   2020-04-13T17:19:17

[1;33m[+] [1;32mLooking for PHPCookies
[0m[1;90m Not Found
[0m
[1;33m[+] [1;32mLooking for Wordpress wp-config.php files
[0m[1;90mwp-config.php Not Found
[0m
[1;33m[+] [1;32mLooking for Tomcat users file
[0mtomcat-users.xml file found: /etc/tomcat9/tomcat-users.xml
/usr/share/tomcat9/etc/tomcat-users.xml
[1;31m  <user username="tomcat" password="<must-be-changed>" roles="tomcat"/>[0m
[1;31m  <user username="both" password="<must-be-changed>" roles="tomcat,role1"/>[0m
[1;31m  <user username="role1" password="<must-be-changed>" roles="role1"/>[0m
[1;31m   <user username="tomcat" password="$3cureP4s5w0rd123!" roles="admin-gui,manager-script"/>[0m
[1;31m  <user username="tomcat" password="<must-be-changed>" roles="tomcat"/>[0m
[1;31m  <user username="both" password="<must-be-changed>" roles="tomcat,role1"/>[0m
[1;31m  <user username="role1" password="<must-be-changed>" roles="role1"/>[0m
[1;31m   <user username="tomcat" password="$3cureP4s5w0rd123!" roles="admin-gui,manager-script"/>[0m

[1;33m[+] [1;32mMongo information
[0m[1;90m Not Found
[0m
[1;33m[+] [1;32mLooking for supervisord configuration file
[0m[1;90msupervisord.conf Not Found
[0m
[1;33m[+] [1;32mLooking for cesi configuration file
[0m[1;90mcesi.conf Not Found
[0m
[1;33m[+] [1;32mLooking for Rsyncd config file
[0m/usr/share/doc/rsync/examples/rsyncd.conf
[ftp]
	comment = public archive
	path = /var/www/pub
	use chroot = yes
	lock file = /var/lock/rsyncd
	read only = yes
	list = yes
	uid = nobody
	gid = nogroup
	strict modes = yes
	ignore errors = no
	ignore nonreadable = yes
	transfer logging = no
	timeout = 600
	refuse options = checksum dry-run
	dont compress = *.gz *.tgz *.zip *.z *.rpm *.deb *.iso *.bz2 *.tbz

[1;33m[+] [1;32mLooking for Hostapd config file
[0m[1;90mhostapd.conf Not Found
[0m
[1;33m[+] [1;32mLooking for wifi conns file
[0m[1;90m Not Found
[0m
[1;33m[+] [1;32mLooking for Anaconda-ks config files
[0m[1;90manaconda-ks.cfg Not Found
[0m
[1;33m[+] [1;32mLooking for .vnc directories and their passwd files
[0m[1;90m.vnc Not Found
[0m
[1;33m[+] [1;32mLooking for ldap directories and their hashes
[0m/etc/ldap
The password hash is from the {SSHA} to 'structural'

[1;33m[+] [1;32mLooking for .ovpn files and credentials
[0m[1;90m.ovpn Not Found
[0m
[1;33m[+] [1;32mLooking for ssl/ssh files
[0m[1;31mPermitRootLogin yes[0m
PubkeyAuthentication yes
ChallengeResponseAuthentication no
UsePAM yes
PasswordAuthentication no
  --> Some certificates were found:
/etc/pki/fwupd/LVFS-CA.pem
/etc/pki/fwupd-metadata/LVFS-CA.pem
/etc/pollinate/entropy.ubuntu.com.pem
/var/lib/fwupd/pki/client.pem


Looking inside /etc/ssh/ssh_config for interesting info
Include /etc/ssh/ssh_config.d/*.conf
Host *
    SendEnv LANG LC_*
    HashKnownHosts yes
    GSSAPIAuthentication yes

[1;33m[+] [1;32mLooking for unexpected auth lines in /etc/pam.d/sshd
[0m[1;90mNo
[0m
[1;33m[+] [1;32mLooking for Cloud credentials (AWS, Azure, GC)
[0m
[1;33m[+] [1;32mNFS exports?
[0m[1;34m[i] [1;33mhttps://book.hacktricks.xyz/linux-unix/privilege-escalation/nfs-no_root_squash-misconfiguration-pe
[0m[1;90m/etc/exports Not Found
[0m
[1;33m[+] [1;32mLooking for kerberos conf files and tickets
[0m[1;34m[i] [1;33mhttps://book.hacktricks.xyz/pentesting/pentesting-kerberos-88#pass-the-ticket-ptt
[0m[1;90mkrb5.conf Not Found
[0m[1;90mtickets kerberos Not Found
[0m[1;90mklist Not Found
[0m
[1;33m[+] [1;32mLooking for Kibana yaml
[0m[1;90mkibana.yml Not Found
[0m
[1;33m[+] [1;32mLooking for Knock configuration
[0m[1;90mKnock.config Not Found
[0m
[1;33m[+] [1;32mLooking for logstash files
[0m[1;90m Not Found
[0m
[1;33m[+] [1;32mLooking for elasticsearch files
[0m[1;90m Not Found
[0m
[1;33m[+] [1;32mLooking for Vault-ssh files
[0m[1;90mvault-ssh-helper.hcl Not Found
[0m
[1;33m[+] [1;32mLooking for AD cached hahses
[0m[1;90mcached hashes Not Found
[0m
[1;33m[+] [1;32mLooking for screen sessions
[1;34m[i] [1;33mhttps://book.hacktricks.xyz/linux-unix/privilege-escalation#open-shell-sessions
[0m[1;31mCannot make directory '/run/screen/S-tomcat': Read-only file system[0m
[1;33m[+] [1;32mLooking for tmux sessions
[1;34m[i] [1;33mhttps://book.hacktricks.xyz/linux-unix/privilege-escalation#open-shell-sessions
[0m[1;90mtmux Not Found
[0m
[1;33m[+] [1;32mLooking for Couchdb directory
[0m
[1;33m[+] [1;32mLooking for redis.conf
[0m
[1;33m[+] [1;32mLooking for dovecot files
[0m[1;90mdovecot credentials Not Found
[0m
[1;33m[+] [1;32mLooking for mosquitto.conf
[0m
[1;33m[+] [1;32mLooking for neo4j auth file
[0m
[1;33m[+] [1;32mLooking Cloud-Init conf file
[0mFound readable /etc/cloud/cloud.cfg
     lock_passwd: True
     groups: [adm, audio, cdrom, dialout, dip, floppy, lxd, netdev, plugdev, sudo, video]
     sudo: ["ALL=(ALL) NOPASSWD:ALL"]


[1;34m====================================( [1;32mInteresting Files[1;34m )=====================================
[0m[1;33m[+] [1;32mSUID - Check easy privesc, exploits and write perms
[0m[1;34m[i] [1;33mhttps://book.hacktricks.xyz/linux-unix/privilege-escalation#commands-with-sudo-and-suid-commands
[0m/snap/snapd/7264/usr/lib/snapd[1;32m/snap-confine[0m
/snap/core18/1705/bin[1;31m/mount		--->	Apple_Mac_OSX(Lion)_Kernel_xnu-1699.32.7_except_xnu-1699.24.8[0m
/snap/core18/1705/bin[1;32m/ping[0m
/snap/core18/1705/bin[1;32m/su[0m
/snap/core18/1705/bin[1;31m/umount		--->	BSD/Linux(08-1996)[0m
/snap/core18/1705/usr/bin[1;31m/chfn		--->	SuSE_9.3/10[0m
/snap/core18/1705/usr/bin[1;32m/chsh[0m
/snap/core18/1705/usr/bin[1;32m/gpasswd[0m
/snap/core18/1705/usr/bin[1;31m/newgrp		--->	HP-UX_10.20[0m
/snap/core18/1705/usr/bin[1;31m/passwd		--->	Apple_Mac_OSX(03-2006)/Solaris_8/9(12-2004)/SPARC_8/9/Sun_Solaris_2.3_to_2.5.1(02-1997)[0m
/snap/core18/1705/usr/bin[1;31m/sudo		--->	/sudo$[0m
/snap/core18/1705/usr/lib/dbus-1.0[1;32m/dbus-daemon-launch-helper[0m
/snap/core18/1705/usr/lib/openssh[1;32m/ssh-keysign[0m
/usr/bin[1;31m/pkexec		--->	Linux4.10_to_5.1.17(CVE-2019-13272)/rhel_6(CVE-2011-1485)[0m
/usr/bin[1;31m/mount		--->	Apple_Mac_OSX(Lion)_Kernel_xnu-1699.32.7_except_xnu-1699.24.8[0m
/usr/bin[1;31m/at		--->	RTru64_UNIX_4.0g(CVE-2002-1614)[0m
/usr/bin[1;31m/passwd		--->	Apple_Mac_OSX(03-2006)/Solaris_8/9(12-2004)/SPARC_8/9/Sun_Solaris_2.3_to_2.5.1(02-1997)[0m
/usr/bin[1;32m/chsh[0m
/usr/bin[1;32m/su[0m
/usr/bin[1;31m/chfn		--->	SuSE_9.3/10[0m
/usr/bin[1;31m/newgrp		--->	HP-UX_10.20[0m
/usr/bin[1;31m/umount		--->	BSD/Linux(08-1996)[0m
/usr/bin[1;32m/gpasswd[0m
/usr/bin[1;32m/fusermount[0m
/usr/bin[1;31m/sudo		--->	/sudo$[0m
/usr/lib/eject[1;32m/dmcrypt-get-device[0m
/usr/lib/policykit-1[1;32m/polkit-agent-helper-1[0m
/usr/lib/snapd[1;32m/snap-confine[0m
/usr/lib/openssh[1;32m/ssh-keysign[0m
/usr/lib/dbus-1.0[1;32m/dbus-daemon-launch-helper[0m

[1;33m[+] [1;32mSGID
[0m[1;34m[i] [1;33mhttps://book.hacktricks.xyz/linux-unix/privilege-escalation#commands-with-sudo-and-suid-commands
[0m/snap/core18/1705/sbin[1;32m/pam_extrausers_chkpwd[0m
/snap/core18/1705/sbin[1;32m/unix_chkpwd[0m
/snap/core18/1705/usr/bin[1;32m/chage[0m
/snap/core18/1705/usr/bin[1;32m/expiry[0m
/snap/core18/1705/usr/bin[1;32m/ssh-agent[0m
/snap/core18/1705/usr/bin[1;32m/wall[0m
/usr/bin[1;32m/chage[0m
/usr/bin[1;31m/at		--->	RTru64_UNIX_4.0g(CVE-2002-1614)[0m
/usr/bin[1;32m/ssh-agent[0m
/usr/bin[1;32m/wall[0m
/usr/bin[1;32m/expiry[0m
/usr/bin[1;32m/mlocate[0m
/usr/bin[1;32m/crontab[0m
/usr/bin[1;32m/bsd-write[0m
/usr/sbin[1;32m/unix_chkpwd[0m
/usr/sbin[1;32m/pam_extrausers_chkpwd[0m
/usr/lib/x86_64-linux-gnu/utempter[1;32m/utempter[0m

[1;33m[+] [1;32mCapabilities
[0m[1;34m[i] [1;33mhttps://book.hacktricks.xyz/linux-unix/privilege-escalation#capabilities
[0m/usr/bin/traceroute6.iputils = cap_net_raw+ep
/usr/bin[1;31m/mtr[0m-packet = cap_net_raw+ep
/usr/bin/ping = cap_net_raw+ep
/usr/lib/x86_64-linux-gnu/gstreamer1.0/gstreamer-1.0/gst-ptp-helper = cap_net_bind_service,cap_net_admin+ep

[1;33m[+] [1;32mUsers with capabilities
[0m
[1;33m[+] [1;32m.sh files in path
[0m/usr/bin/rescan-scsi-bus.sh
/usr/bin[1;32m/gettext.sh[0m

[1;33m[+] [1;32mFiles (scripts) in /etc/profile.d/
[0mtotal 44
drwxr-xr-x   2 root root 4096 Apr 23 07:35 .
drwxr-xr-x 101 root root 4096 Jun 17 16:22 ..
-rw-r--r--   1 root root   96 Dec  5  2019 [1;32m01-locale-fix.sh[0m
-rw-r--r--   1 root root  825 Apr 10 14:57 [1;32mapps-bin-path.sh[0m
-rw-r--r--   1 root root  729 Feb  2  2020 [1;32mbash_completion.sh[0m
-rw-r--r--   1 root root 1003 Aug 13  2019 [1;32mcedilla-portuguese.sh[0m
-rw-r--r--   1 root root 1107 Nov  3  2019 [1;32mgawk.csh[0m
-rw-r--r--   1 root root  757 Nov  3  2019 [1;32mgawk.sh[0m
-rw-r--r--   1 root root 1557 Feb 17  2020 Z97-byobu.sh
-rwxr-xr-x   1 root root  873 Apr 16 15:23 Z99-cloudinit-warnings.sh
-rwxr-xr-x   1 root root 3417 Apr 16 15:23 Z99-cloud-locale-test.sh

[1;33m[+] [1;32mHashes inside passwd file? ........... [0m[1;90mNo
[0m[1;33m[+] [1;32mCredentials in fstab/mtab? ........... [0m[1;90mNo
[0m[1;33m[+] [1;32mCan I read shadow files? ............. [0m[1;90mNo
[0m[1;33m[+] [1;32mCan I read root folder? .............. [0m[1;90mNo
[0m
[1;33m[+] [1;32mLooking for root files in home dirs (limit 20)
[0m/home

[1;33m[+] [1;32mLooking for others files in folders owned by me
[0m
[1;33m[+] [1;32mReadable files belonging to root and readable by me but not world readable
[0m[1;31m-rw-r----- 1 root tomcat 5435 Feb 24  2020 /etc/tomcat9/policy.d/04webapps.policy[0m
[1;31m-rw-r----- 1 root tomcat 2192 Feb 24  2020 /etc/tomcat9/policy.d/01system.policy[0m
[1;31m-rw-r----- 1 root tomcat 2040 Feb 24  2020 /etc/tomcat9/policy.d/50local.policy[0m
[1;31m-rw-r----- 1 root tomcat 3237 Feb 24  2020 /etc/tomcat9/policy.d/03catalina.policy[0m
[1;31m-rw-r----- 1 root tomcat 330 Feb 24  2020 /etc/tomcat9/policy.d/02debian.policy[0m
[1;31m-rw-r----- 1 root tomcat 7630 May 21 21:32 /etc/tomcat9/server.xml[0m
[1;31m-rw-r----- 1 root tomcat 7262 Feb  5  2020 /etc/tomcat9/catalina.properties[0m
[1;31m-rw-r----- 1 root tomcat 2799 Feb 24  2020 /etc/tomcat9/logging.properties[0m
[1;31m-rw-r----- 1 root tomcat 2325 Jun 16 12:12 /etc/tomcat9/tomcat-users.xml[0m
[1;31m-rw-r----- 1 root tomcat 1400 Feb  5  2020 /etc/tomcat9/context.xml[0m
[1;31m-rw-r----- 1 root tomcat 1149 Feb  5  2020 /etc/tomcat9/jaspic-providers.xml[0m
[1;31m-rw-r----- 1 root tomcat 172362 Feb  5  2020 /etc/tomcat9/web.xml[0m

[1;33m[+] [1;32mModified interesting files in the last 5mins
[0m[1;31m/var/cache/tomcat9/Catalina/localhost/miao/org/apache[0m/jsp/msjmdkcz_jsp.class
[1;31m/var/cache/tomcat9/Catalina/localhost/miao/org/apache[0m/jsp/msjmdkcz_jsp.java
/var/log/auth.log
/var/log/journal/c72a21e67341466eacf74373cf80aca6/system.journal
/var/log/syslog
[1;31m/tmp/hsperfdata_tomcat[0m/948
[1;31m/tmp[0m/linpeas.log

[1;33m[+] [1;32mWritable log files (logrotten)
[0m[1;34m[i] [1;33mhttps://book.hacktricks.xyz/linux-unix/privilege-escalation#logrotate-exploitation
[0mWritable:[1;31m /var/log/tomcat9/localhost.2020-09-13.log
[0mWritable:[1;31m /var/log/tomcat9/catalina.2020-09-13.log
[0mWritable:[1;31m /var/log/tomcat9/localhost.2020-06-16.log
[0mWritable:[1;31m /var/log/tomcat9/localhost.2020-06-20.log
[0mWritable:[1;31m /var/log/tomcat9/catalina.2020-06-17.log
[0mWritable:[1;31m /var/log/tomcat9/catalina.2020-06-16.log
[0mWritable:[1;31m /var/log/tomcat9/catalina.2020-06-20.log
[0mWritable:[1;31m /var/log/tomcat9/localhost.2020-06-17.log
[0mWritable:[1;31m /tmp/linpeas.log
[0m
[1;33m[+] [1;32mFiles inside /opt/tomcat (limit 20)
[0mtotal 28
drwxr-xr-x 3 tomcat tomcat 4096 Jun 17 21:58 .
drwxr-xr-x 3 root   root   4096 May 19 22:27 ..
-rw-r--r-- 1 tomcat tomcat  220 Feb 25  2020 .bash_logout
-rw-r--r-- 1 tomcat tomcat 3771 Feb 25  2020 .bashrc
drwxrwxr-x 3 tomcat tomcat 4096 Jun 17 21:58 .local
-rw-r--r-- 1 tomcat tomcat  807 Feb 25  2020 .profile
-rw-rw-r-- 1 tomcat tomcat   66 Jun 17 21:58 .selected_editor

[1;33m[+] [1;32mFiles inside others home (limit 20)
[0m
[1;33m[+] [1;32mLooking for installed mail applications
[0m
[1;33m[+] [1;32mMails (limit 50)
[0m
[1;33m[+] [1;32mBackup files?
[0m-rw-r--r-- 1 ash ash 8716 Jun 16 13:42 /var/www/html/files/16162020_[1;31mbackup[0m.zip
-rw-r--r-- 1 root root 2743 Apr 23 07:35 /etc/apt/sources.list.curtin[1;31m.old[0m
-rw-r----- 1 tomcat tomcat 8716 Sep 13 09:23 /tmp/16162020_[1;31mbackup[0m.zip

[1;33m[+] [1;32mLooking for tables inside readable .db/.sqlite files (limit 100)
[0m[1;32m -> Extracting tables from[0m /var/lib/fwupd/pending.db [1;90m(limit 20)
[0m
[1;32m -> Extracting tables from[0m /var/lib/PackageKit/transactions.db [1;90m(limit 20)
[0m
[1;32m -> Extracting tables from[0m /var/lib/command-not-found/commands.db [1;90m(limit 20)
[0m

[1;33m[+] [1;32mWeb files?(output limit)
[0m/var/www/:
total 12K
drwxr-xr-x  3 root root 4.0K May 21 10:31 .
drwxr-xr-x 14 root root 4.0K May 21 10:31 ..
drwxr-xr-x  4 root root 4.0K Jun 17 16:24 html

/var/www/html:
total 48K
drwxr-xr-x 4 root root 4.0K Jun 17 16:24 .
drwxr-xr-x 3 root root 4.0K May 21 10:31 ..

[1;33m[+] [1;32mReadable *_history, .sudo_as_admin_successful, profile, bashrc, httpd.conf, .plan, .htpasswd, .gitconfig, .git-credentials, .git, .svn, .rhosts, hosts.equiv, Dockerfile, docker-compose.yml
[0m[1;34m[i] [1;33mhttps://book.hacktricks.xyz/linux-unix/privilege-escalation#read-sensitive-data
[0m-rw-r--r-- 1 [1;31mroot[0m [1;31mroot[0m 807 Feb 25  2020 /etc/skel/[1;31m.profile[0m
-rw-r--r-- 1 [1;31mroot[0m [1;31mroot[0m 3771 Feb 25  2020 /etc/skel/.[1;31mb[1;96mash[0mrc[0m
-rw-r--r-- 1 [1;31mroot[0m [1;31mroot[0m 2319 Feb 25  2020 /etc/b[1;96mash[0m.[1;31mb[1;96mash[0mrc[0m
-rw-r--r-- 1 [1;31mroot[0m [1;31mroot[0m 3106 Dec  5  2019 /usr/share/base-files/dot.[1;31mb[1;96mash[0mrc[0m
-rw-r--r-- 1 [1;31mroot[0m [1;31mroot[0m 2978 Feb 17  2020 /usr/share/byobu[1;31m/profile[0ms/b[1;96mash[0mrc
-rw-r--r-- 1 [1;31mroot[0m [1;31mroot[0m 802 Sep 15  2018 /usr/share/doc/adduser/examples/adduser.local.conf.examples/skel/dot.[1;31mb[1;96mash[0mrc[0m
-rw-r--r-- 1 [1;31mroot[0m [1;31mroot[0m 2778 Sep 15  2018 /usr/share/doc/adduser/examples/adduser.local.conf.examples/b[1;96mash[0m.[1;31mb[1;96mash[0mrc[0m
-rw-r--r-- 1 [1;95mtomcat[0m [1;95mtomcat[0m 807 Feb 25  2020 /opt/[1;95mtomcat[0m/[1;31m.profile[0m
-rw-r--r-- 1 [1;95mtomcat[0m [1;95mtomcat[0m 3771 Feb 25  2020 /opt/[1;95mtomcat[0m/.[1;31mb[1;96mash[0mrc[0m

[1;33m[+] [1;32mAll hidden files (not in /sys/ or the ones listed in the previous check) (limit 70)
[0m-rw------- 1 root root 0 Mar 11  2020 /snap/core18/1705/etc/.pwd.lock
-rw-r--r-- 1 root root 220 Apr  4  2018 /snap/core18/1705/etc/skel/.bash_logout
-rw-r--r-- 1 landscape landscape 0 Apr 23 07:35 /var/lib/landscape/.cleanup.user
-rw------- 1 root root 0 Apr 23 07:33 /etc/.pwd.lock
-rw-r--r-- 1 root root 220 Feb 25  2020 /etc/skel/.bash_logout
-rw-r--r-- 1 root root 0 May 19 22:25 /etc/.java/.systemPrefs/.system.lock
-rw-r--r-- 1 root root 0 May 19 22:25 /etc/.java/.systemPrefs/.systemRootModFile
-rw-r--r-- 1 root root 14368 May  7 09:05 /usr/src/linux-headers-5.4.0-31-generic/kernel/.bounds.s.cmd
-rw-r--r-- 1 root root 237570 May  7 09:05 /usr/src/linux-headers-5.4.0-31-generic/.config
-rw-r--r-- 1 root root 6293 May  7 09:05 /usr/src/linux-headers-5.4.0-31-generic/tools/objtool/.parse-options.o.cmd
-rw-r--r-- 1 root root 1238 May  7 09:05 /usr/src/linux-headers-5.4.0-31-generic/tools/objtool/.libsubcmd-in.o.cmd
-rw-r--r-- 1 root root 3708 May  7 09:05 /usr/src/linux-headers-5.4.0-31-generic/tools/objtool/.libctype.o.cmd
-rw-r--r-- 1 root root 420 May  7 09:05 /usr/src/linux-headers-5.4.0-31-generic/tools/objtool/.fixdep-in.o.cmd
-rw-r--r-- 1 root root 4509 May  7 09:05 /usr/src/linux-headers-5.4.0-31-generic/tools/objtool/.str_error_r.o.cmd
-rw-r--r-- 1 root root 7864 May  7 09:05 /usr/src/linux-headers-5.4.0-31-generic/tools/objtool/.help.o.cmd
-rw-r--r-- 1 root root 1934 May  7 09:05 /usr/src/linux-headers-5.4.0-31-generic/tools/objtool/.subcmd-config.o.cmd
-rw-r--r-- 1 root root 5907 May  7 09:05 /usr/src/linux-headers-5.4.0-31-generic/tools/objtool/.libstring.o.cmd
-rw-r--r-- 1 root root 5270 May  7 09:05 /usr/src/linux-headers-5.4.0-31-generic/tools/objtool/.fixdep.o.cmd
-rw-r--r-- 1 root root 7763 May  7 09:05 /usr/src/linux-headers-5.4.0-31-generic/tools/objtool/.builtin-check.o.cmd
-rw-r--r-- 1 root root 1910 May  7 09:05 /usr/src/linux-headers-5.4.0-31-generic/tools/objtool/.objtool-in.o.cmd
-rw-r--r-- 1 root root 8589 May  7 09:05 /usr/src/linux-headers-5.4.0-31-generic/tools/objtool/.orc_gen.o.cmd
-rw-r--r-- 1 root root 6024 May  7 09:05 /usr/src/linux-headers-5.4.0-31-generic/tools/objtool/.sigchain.o.cmd
-rw-r--r-- 1 root root 8664 May  7 09:05 /usr/src/linux-headers-5.4.0-31-generic/tools/objtool/.check.o.cmd
-rw-r--r-- 1 root root 4404 May  7 09:05 /usr/src/linux-headers-5.4.0-31-generic/tools/objtool/.fixdep.o.d
-rw-r--r-- 1 root root 8025 May  7 09:05 /usr/src/linux-headers-5.4.0-31-generic/tools/objtool/.builtin-orc.o.cmd
-rw-r--r-- 1 root root 6979 May  7 09:05 /usr/src/linux-headers-5.4.0-31-generic/tools/objtool/.pager.o.cmd
-rw-r--r-- 1 root root 8955 May  7 09:05 /usr/src/linux-headers-5.4.0-31-generic/tools/objtool/.orc_dump.o.cmd
-rw-r--r-- 1 root root 6432 May  7 09:05 /usr/src/linux-headers-5.4.0-31-generic/tools/objtool/.objtool.o.cmd
-rw-r--r-- 1 root root 449 May  7 09:05 /usr/src/linux-headers-5.4.0-31-generic/tools/objtool/arch/x86/.objtool-in.o.cmd
-rw-r--r-- 1 root root 9371 May  7 09:05 /usr/src/linux-headers-5.4.0-31-generic/tools/objtool/arch/x86/.decode.o.cmd
-rw-r--r-- 1 root root 6818 May  7 09:05 /usr/src/linux-headers-5.4.0-31-generic/tools/objtool/.exec-cmd.o.cmd
-rw-r--r-- 1 root root 8424 May  7 09:05 /usr/src/linux-headers-5.4.0-31-generic/tools/objtool/.run-command.o.cmd
-rw-r--r-- 1 root root 8568 May  7 09:05 /usr/src/linux-headers-5.4.0-31-generic/tools/objtool/.special.o.cmd
-rw-r--r-- 1 root root 9073 May  7 09:05 /usr/src/linux-headers-5.4.0-31-generic/tools/objtool/.elf.o.cmd
-rw-r--r-- 1 root root 999 May  7 09:05 /usr/src/linux-headers-5.4.0-31-generic/.missing-syscalls.d
-rw-r--r-- 1 root root 64460 May  7 09:05 /usr/src/linux-headers-5.4.0-31-generic/arch/x86/kernel/.asm-offsets.s.cmd
-rw-r--r-- 1 root root 4841 May  7 09:05 /usr/src/linux-headers-5.4.0-31-generic/arch/x86/tools/.relocs_64.o.cmd
-rw-r--r-- 1 root root 4821 May  7 09:05 /usr/src/linux-headers-5.4.0-31-generic/arch/x86/tools/.relocs_common.o.cmd
-rw-r--r-- 1 root root 4841 May  7 09:05 /usr/src/linux-headers-5.4.0-31-generic/arch/x86/tools/.relocs_32.o.cmd
-rw-r--r-- 1 root root 148 May  7 09:05 /usr/src/linux-headers-5.4.0-31-generic/arch/x86/tools/.relocs.cmd
-rw-r--r-- 1 root root 266 May  7 09:05 /usr/src/linux-headers-5.4.0-31-generic/arch/x86/include/generated/uapi/asm/.unistd_32.h.cmd
-rw-r--r-- 1 root root 291 May  7 09:05 /usr/src/linux-headers-5.4.0-31-generic/arch/x86/include/generated/uapi/asm/.unistd_x32.h.cmd
-rw-r--r-- 1 root root 271 May  7 09:05 /usr/src/linux-headers-5.4.0-31-generic/arch/x86/include/generated/uapi/asm/.unistd_64.h.cmd
-rw-r--r-- 1 root root 271 May  7 09:05 /usr/src/linux-headers-5.4.0-31-generic/arch/x86/include/generated/asm/.unistd_32_ia32.h.cmd
-rw-r--r-- 1 root root 243 May  7 09:05 /usr/src/linux-headers-5.4.0-31-generic/arch/x86/include/generated/asm/.syscalls_32.h.cmd
-rw-r--r-- 1 root root 243 May  7 09:05 /usr/src/linux-headers-5.4.0-31-generic/arch/x86/include/generated/asm/.syscalls_64.h.cmd
-rw-r--r-- 1 root root 353 May  7 09:05 /usr/src/linux-headers-5.4.0-31-generic/arch/x86/include/generated/asm/.xen-hypercalls.h.cmd
-rw-r--r-- 1 root root 267 May  7 09:05 /usr/src/linux-headers-5.4.0-31-generic/arch/x86/include/generated/asm/.unistd_64_x32.h.cmd
-rw-r--r-- 1 root root 6952 May  7 09:05 /usr/src/linux-headers-5.4.0-31-generic/scripts/mod/.modpost.o.cmd
-rw-r--r-- 1 root root 5084 May  7 09:05 /usr/src/linux-headers-5.4.0-31-generic/scripts/mod/.file2alias.o.cmd
-rw-r--r-- 1 root root 3289 May  7 09:05 /usr/src/linux-headers-5.4.0-31-generic/scripts/mod/.empty.o.cmd
-rw-r--r-- 1 root root 104 May  7 09:05 /usr/src/linux-headers-5.4.0-31-generic/scripts/mod/.elfconfig.h.cmd
-rw-r--r-- 1 root root 6428 May  7 09:05 /usr/src/linux-headers-5.4.0-31-generic/scripts/mod/.sumversion.o.cmd
-rw-r--r-- 1 root root 131 May  7 09:05 /usr/src/linux-headers-5.4.0-31-generic/scripts/mod/.modpost.cmd
-rw-r--r-- 1 root root 3889 May  7 09:05 /usr/src/linux-headers-5.4.0-31-generic/scripts/mod/.mk_elfconfig.cmd
-rw-r--r-- 1 root root 6696 May  7 09:05 /usr/src/linux-headers-5.4.0-31-generic/scripts/mod/.devicetable-offsets.s.cmd
-rw-r--r-- 1 root root 5242 May  7 09:05 /usr/src/linux-headers-5.4.0-31-generic/scripts/.sortextable.cmd
-rw-r--r-- 1 root root 4941 May  7 09:05 /usr/src/linux-headers-5.4.0-31-generic/scripts/.recordmcount.cmd
-rw-r--r-- 1 root root 6628 May  7 09:05 /usr/src/linux-headers-5.4.0-31-generic/scripts/.insert-sys-cert.cmd
-rw-r--r-- 1 root root 6805 May  7 09:05 /usr/src/linux-headers-5.4.0-31-generic/scripts/selinux/mdp/.mdp.cmd
-rw-r--r-- 1 root root 5973 May  7 09:05 /usr/src/linux-headers-5.4.0-31-generic/scripts/selinux/genheaders/.genheaders.cmd
-rw-r--r-- 1 root root 4732 May  7 09:05 /usr/src/linux-headers-5.4.0-31-generic/scripts/.asn1_compiler.cmd
-rw-r--r-- 1 root root 3950 May  7 09:05 /usr/src/linux-headers-5.4.0-31-generic/scripts/.kallsyms.cmd
-rw-r--r-- 1 root root 5738 May  7 09:05 /usr/src/linux-headers-5.4.0-31-generic/scripts/kconfig/.confdata.o.cmd
-rw-r--r-- 1 root root 4987 May  7 09:05 /usr/src/linux-headers-5.4.0-31-generic/scripts/kconfig/.lexer.lex.o.cmd
-rw-r--r-- 1 root root 4227 May  7 09:05 /usr/src/linux-headers-5.4.0-31-generic/scripts/kconfig/.parser.tab.o.cmd
-rw-r--r-- 1 root root 4233 May  7 09:05 /usr/src/linux-headers-5.4.0-31-generic/scripts/kconfig/.expr.o.cmd
-rw-r--r-- 1 root root 245 May  7 09:05 /usr/src/linux-headers-5.4.0-31-generic/scripts/kconfig/.conf.cmd
-rw-r--r-- 1 root root 5349 May  7 09:05 /usr/src/linux-headers-5.4.0-31-generic/scripts/kconfig/.conf.o.cmd
-rw-r--r-- 1 root root 129 May  7 09:05 /usr/src/linux-headers-5.4.0-31-generic/scripts/kconfig/.lexer.lex.c.cmd

[1;33m[+] [1;32mReadable files inside /tmp, /var/tmp, /var/backups(limit 70)
[0m-rw------- 1 tomcat tomcat 32768 Sep 13 15:51 /tmp/hsperfdata_tomcat/948
-rwxrwxr-x 1 ash ash 7498 Sep 13 06:25 /tmp/temp/build-alpine
-rw-r----- 1 tomcat tomcat 243425 Sep  4 11:48 /tmp/linpeas.sh.1
-rw-r----- 1 tomcat tomcat 57498 Sep 13 15:51 /tmp/linpeas.log
-rw-r----- 1 tomcat tomcat 8716 Sep 13 09:23 /tmp/16162020_backup.zip
-rwxr-x--- 1 tomcat tomcat 160486 Sep 12 07:49 /tmp/linpeas.sh
-rw-r----- 1 tomcat tomcat 67593 Sep 13 09:16 /tmp/linpeas.output
-rw-r----- 1 tomcat tomcat 46631 Sep 12 07:49 /tmp/LinEnum.sh
-rw-r--r-- 1 root root 3683 May 19 11:54 /var/backups/apt.extended_states.3.gz
-rw-r--r-- 1 root root 41559 Jun 17 16:22 /var/backups/apt.extended_states.0
-rw-r--r-- 1 root root 4400 May 21 10:31 /var/backups/apt.extended_states.2.gz
-rw-r--r-- 1 root root 4561 May 21 13:16 /var/backups/apt.extended_states.1.gz

[1;33m[+] [1;32mInteresting writable files owned by me or writable by everyone (not in Home)
[0m[1;34m[i] [1;33mhttps://book.hacktricks.xyz/linux-unix/privilege-escalation#writable-files
[0m/dev/mqueue
/dev/mqueue/linpeas.txt
/dev/mqueue/linpeas.txt11207
/dev/shm
/dev/shm/linpeas.txt11207
/opt/tomcat
/run/lock
/run/screen
/snap/core18/1705/run/lock
/snap/core18/1705/tmp
/snap/core18/1705/var/tmp
/tmp
/tmp/16162020_backup.zip
/tmp/hsperfdata_tomcat
/tmp/hsperfdata_tomcat/948
/tmp/LinEnum[1;31m.sh[0m
/tmp/linpeas.log
/tmp/linpeas.output
/tmp/linpeas[1;31m.sh[0m
/tmp/linpeas.sh.1
/tmp/tmux-997
/var/cache/tomcat9
/var/cache/tomcat9/Catalina
/var/cache/tomcat9/Catalina/localhost
/var/cache/tomcat9/Catalina/localhost/docs
/var/cache/tomcat9/Catalina/localhost/examples
/var/cache/tomcat9/Catalina/localhost/host-manager
/var/cache/tomcat9/Catalina/localhost/host-manager/org
/var/cache/tomcat9/Catalina/localhost/host-manager/org/apache
/var/cache/tomcat9/Catalina/localhost/host-manager/org/apache/jsp
/var/cache/tomcat9/Catalina/localhost/host-manager/org/apache/jsp/WEB_002dINF
/var/cache/tomcat9/Catalina/localhost/host-manager/org/apache/jsp/WEB_002dINF/jsp
/var/cache/tomcat9/Catalina/localhost/host-manager/org/apache/jsp/WEB_002dINF/jsp/_401_jsp.class
/var/cache/tomcat9/Catalina/localhost/host-manager/org/apache/jsp/WEB_002dINF/jsp/_401_jsp.java
/var/cache/tomcat9/Catalina/localhost/lol
/var/cache/tomcat9/Catalina/localhost/manager
/var/cache/tomcat9/Catalina/localhost/manager/org
/var/cache/tomcat9/Catalina/localhost/manager/org/apache
/var/cache/tomcat9/Catalina/localhost/manager/org/apache/jsp
/var/cache/tomcat9/Catalina/localhost/manager/org/apache/jsp/index_jsp.class
/var/cache/tomcat9/Catalina/localhost/manager/org/apache/jsp/index_jsp.java
/var/cache/tomcat9/Catalina/localhost/manager/org/apache/jsp/WEB_002dINF
/var/cache/tomcat9/Catalina/localhost/manager/org/apache/jsp/WEB_002dINF/jsp
/var/cache/tomcat9/Catalina/localhost/manager/org/apache/jsp/WEB_002dINF/jsp/_401_jsp.class
/var/cache/tomcat9/Catalina/localhost/manager/org/apache/jsp/WEB_002dINF/jsp/_401_jsp.java
/var/cache/tomcat9/Catalina/localhost/manager/org/apache/jsp/WEB_002dINF/jsp/_403_jsp.class
/var/cache/tomcat9/Catalina/localhost/manager/org/apache/jsp/WEB_002dINF/jsp/_403_jsp.java
/var/cache/tomcat9/Catalina/localhost/miao
/var/cache/tomcat9/Catalina/localhost/miao/org
/var/cache/tomcat9/Catalina/localhost/miao/org/apache
/var/cache/tomcat9/Catalina/localhost/miao/org/apache/jsp
/var/cache/tomcat9/Catalina/localhost/miao/org/apache/jsp/msjmdkcz_jsp$1StreamConnector.class
/var/cache/tomcat9/Catalina/localhost/miao/org/apache/jsp/msjmdkcz_jsp.class
/var/cache/tomcat9/Catalina/localhost/miao/org/apache/jsp/msjmdkcz_jsp.java
/var/cache/tomcat9/Catalina/localhost/payloadshell
/var/cache/tomcat9/Catalina/localhost/payloadshell/org
/var/cache/tomcat9/Catalina/localhost/payloadshell/org/apache
/var/cache/tomcat9/Catalina/localhost/payloadshell/org/apache/jsp
/var/cache/tomcat9/Catalina/localhost/payloadshell/org/apache/jsp/maambysgsmyoaj_jsp$1StreamConnector.class
/var/cache/tomcat9/Catalina/localhost/payloadshell/org/apache/jsp/maambysgsmyoaj_jsp.class
/var/cache/tomcat9/Catalina/localhost/payloadshell/org/apache/jsp/maambysgsmyoaj_jsp.java
/var/cache/tomcat9/Catalina/localhost/ROOT
/var/cache/tomcat9/Catalina/localhost/shell
/var/cache/tomcat9/Catalina/localhost/shell/org
/var/cache/tomcat9/Catalina/localhost/shell/org/apache
/var/cache/tomcat9/Catalina/localhost/shell/org/apache/jsp
/var/cache/tomcat9/Catalina/localhost/shell/org/apache/jsp/ofjptsudz_jsp.java
/var/crash
/var[1;31m/lib/[0mphp/sessions
/var[1;31m/lib/[0mtomcat9/lib
/var[1;31m/lib/[0mtomcat9/webapps
/var[1;31m/lib/[0mtomcat9/webapps/lol
/var[1;31m/lib/[0mtomcat9/webapps/lol/META-INF
/var[1;31m/lib/[0mtomcat9/webapps/lol/META-INF/war-tracker
/var[1;31m/lib/[0mtomcat9/webapps/lol.war
/var[1;31m/lib/[0mtomcat9/webapps/lol/WEB-INF
/var[1;31m/lib/[0mtomcat9/webapps/lol/WEB-INF/classes
/var[1;31m/lib/[0mtomcat9/webapps/lol/WEB-INF/classes/javapayload
/var[1;31m/lib/[0mtomcat9/webapps/lol/WEB-INF/classes/javapayload/stage
/var[1;31m/lib/[0mtomcat9/webapps/lol/WEB-INF/classes/javapayload/stage/Shell.class
/var[1;31m/lib/[0mtomcat9/webapps/lol/WEB-INF/classes/javapayload/stage/Stage.class
/var[1;31m/lib/[0mtomcat9/webapps/lol/WEB-INF/classes/javapayload/stage/StreamForwarder.class
/var[1;31m/lib/[0mtomcat9/webapps/lol/WEB-INF/classes/metasploit
/var[1;31m/lib/[0mtomcat9/webapps/lol/WEB-INF/classes/metasploit.dat
/var[1;31m/lib/[0mtomcat9/webapps/lol/WEB-INF/classes/metasploit/Payload.class
/var[1;31m/lib/[0mtomcat9/webapps/lol/WEB-INF/classes/metasploit/PayloadServlet.class
/var[1;31m/lib/[0mtomcat9/webapps/lol/WEB-INF/web.xml
/var[1;31m/lib/[0mtomcat9/webapps/miao
/var[1;31m/lib/[0mtomcat9/webapps/miao/META-INF
/var[1;31m/lib/[0mtomcat9/webapps/miao/META-INF/war-tracker
/var[1;31m/lib/[0mtomcat9/webapps/miao/msjmdkcz.jsp
/var[1;31m/lib/[0mtomcat9/webapps/miao.war
/var[1;31m/lib/[0mtomcat9/webapps/miao/WEB-INF
/var[1;31m/lib/[0mtomcat9/webapps/miao/WEB-INF/web.xml
/var[1;31m/lib/[0mtomcat9/webapps/payloadshell
/var[1;31m/lib/[0mtomcat9/webapps/payloadshell/maambysgsmyoaj.jsp
/var[1;31m/lib/[0mtomcat9/webapps/payloadshell/META-INF
/var[1;31m/lib/[0mtomcat9/webapps/payloadshell/META-INF/war-tracker
/var[1;31m/lib/[0mtomcat9/webapps/payloadshell.war
/var[1;31m/lib/[0mtomcat9/webapps/payloadshell/WEB-INF
/var[1;31m/lib/[0mtomcat9/webapps/payloadshell/WEB-INF/web.xml
/var[1;31m/lib/[0mtomcat9/webapps/shell
/var[1;31m/lib/[0mtomcat9/webapps/shell/META-INF
/var[1;31m/lib/[0mtomcat9/webapps/shell/META-INF/war-tracker
/var[1;31m/lib/[0mtomcat9/webapps/shell/ofjptsudz.jsp
/var[1;31m/lib/[0mtomcat9/webapps/shell.war
/var[1;31m/lib/[0mtomcat9/webapps/shell/WEB-INF
/var[1;31m/lib/[0mtomcat9/webapps/shell/WEB-INF/web.xml
[1;31m/var/log/[0mtomcat9
[1;31m/var/log/[0mtomcat9/catalina.2020-06-16.log
[1;31m/var/log/[0mtomcat9/catalina.2020-06-17.log
[1;31m/var/log/[0mtomcat9/catalina.2020-06-20.log
[1;31m/var/log/[0mtomcat9/catalina.2020-09-13.log
[1;31m/var/log/[0mtomcat9/localhost.2020-06-16.log
[1;31m/var/log/[0mtomcat9/localhost.2020-06-17.log
[1;31m/var/log/[0mtomcat9/localhost.2020-06-20.log
[1;31m/var/log/[0mtomcat9/localhost.2020-09-13.log
[1;31m/var/log/[0mtomcat9/localhost_access_log.2020-05-19.txt
[1;31m/var/log/[0mtomcat9/localhost_access_log.2020-05-21.txt
[1;31m/var/log/[0mtomcat9/localhost_access_log.2020-05-22.txt
  You can write even more files inside last directory

[1;33m[+] [1;32mInteresting GROUP writable files (not in Home)
[0m[1;34m[i] [1;33mhttps://book.hacktricks.xyz/linux-unix/privilege-escalation#writable-files
[0m  Group [1;32mtomcat:
[0m/var[1;31m/lib/[0mtomcat9/webapps
[1;31m/etc/[0mtomcat9/Catalina

[1;33m[+] [1;32mSearching passwords in config PHP files
[0m
[1;33m[+] [1;32mFinding IPs inside logs (limit 70)
[0m    886 /var/log/tomcat9/localhost_access_log.2020-05-21.txt:10.10.14.3
     70 /var/log/tomcat9/localhost_access_log.2020-09-13.txt:10.10.14.29
     65 /var/log/tomcat9/localhost_access_log.2020-09-13.txt:10.10.14.21
     27 /var/log/cloud-init-output.log:10.10.10.2
     20 /var/log/tomcat9/localhost_access_log.2020-09-13.txt:10.10.14.145
     14 /var/log/cloud-init-output.log:10.10.10.80
     13 /var/log/cloud-init-output.log:10.10.10.194
     11 /var/log/wtmp:10.10.14.4
      9 /var/log/bootstrap.log:1.3.4.202
      8 /var/log/tomcat9/localhost_access_log.2020-05-21.txt:10.10.14.2
      8 /var/log/tomcat9/localhost_access_log.2020-05-19.txt:10.10.14.4
      6 /var/log/wtmp:10.10.14.2
      6 /var/log/tomcat9/localhost_access_log.2020-06-16.txt:10.10.14.4
      5 /var/log/wtmp:10.10.14.3
      4 /var/log/tomcat9/localhost_access_log.2020-09-13.txt:10.10.15.6
      3 /var/log/wtmp:10.10.14.5
      2 /var/log/tomcat9/localhost_access_log.2020-09-13.txt:10.10.14.7
      1 /var/log/tomcat9/localhost.2020-09-13.log:10.10.10.194
      1 /var/log/lastlog:10.10.14.2
      1 /var/log/installer/subiquity-debug.log.1766:127.255.255.255
      1 /var/log/installer/subiquity-debug.log:127.255.255.255
      1 /var/log/installer/installer-journal.txt:91.189.94.4

[1;33m[+] [1;32mFinding passwords inside logs (limit 70)
[0m/var/log/bootstrap.log: base-[1;31mpassw[0md depends on libc6 (>= 2.8); however:
/var/log/bootstrap.log: base-[1;31mpassw[0md depends on libdebconfclient0 (>= 0.145); however:
/var/log/bootstrap.log:dpkg: base-[1;31mpassw[0md: dependency problems, but configuring anyway as you requested:
/var/log/bootstrap.log:Preparing to unpack .../base-[1;31mpassw[0md_3.5.47_amd64.deb ...
/var/log/bootstrap.log:Preparing to unpack .../[1;31mpassw[0md_1%3a4.8.1-1ubuntu5_amd64.deb ...
/var/log/bootstrap.log:Selecting previously unselected package base-[1;31mpassw[0md.
/var/log/bootstrap.log:Selecting previously unselected package [1;31mpassw[0md.
/var/log/bootstrap.log:Setting up base-[1;31mpassw[0md (3.5.47) ...
/var/log/bootstrap.log:Setting up [1;31mpassw[0md (1:4.8.1-1ubuntu5) ...
/var/log/bootstrap.log:Shadow [1;31mpassw[0mords are now on.
/var/log/bootstrap.log:Unpacking base-[1;31mpassw[0md (3.5.47) ...
/var/log/bootstrap.log:Unpacking base-[1;31mpassw[0md (3.5.47) over (3.5.47) ...
/var/log/bootstrap.log:Unpacking [1;31mpassw[0md (1:4.8.1-1ubuntu5) ...
/var/log/cloud-init.log:2020-05-19 10:41:53,469 - ssh_util.py[DEBUG]: line 124: option PasswordAuthentication added with yes
/var/log/cloud-init.log:2020-05-19 10:41:53,501 - cc_set_[1;31mpassw[0mords.py[DEBUG]: Restarted the SSH daemon.
/var/log/cloud-init.log:2020-05-19 11:57:35,345 - helpers.py[DEBUG]: config-set-[1;31mpassw[0mords already ran (freq=once-per-instance)
/var/log/cloud-init.log:2020-05-19 23:14:41,352 - helpers.py[DEBUG]: config-set-[1;31mpassw[0mords already ran (freq=once-per-instance)
/var/log/cloud-init.log:2020-05-19 23:18:10,661 - helpers.py[DEBUG]: config-set-[1;31mpassw[0mords already ran (freq=once-per-instance)
/var/log/cloud-init.log:2020-05-19 23:21:09,497 - helpers.py[DEBUG]: config-set-[1;31mpassw[0mords already ran (freq=once-per-instance)
/var/log/cloud-init.log:2020-05-21 00:43:15,621 - helpers.py[DEBUG]: config-set-[1;31mpassw[0mords already ran (freq=once-per-instance)
/var/log/cloud-init.log:2020-05-21 00:48:34,018 - helpers.py[DEBUG]: config-set-[1;31mpassw[0mords already ran (freq=once-per-instance)
/var/log/cloud-init.log:2020-05-21 10:29:52,108 - helpers.py[DEBUG]: config-set-[1;31mpassw[0mords already ran (freq=once-per-instance)
/var/log/cloud-init.log:2020-05-21 13:14:55,250 - helpers.py[DEBUG]: config-set-[1;31mpassw[0mords already ran (freq=once-per-instance)
/var/log/cloud-init.log:2020-05-21 20:27:34,299 - helpers.py[DEBUG]: config-set-[1;31mpassw[0mords already ran (freq=once-per-instance)
/var/log/cloud-init.log:2020-05-21 21:04:21,295 - helpers.py[DEBUG]: config-set-[1;31mpassw[0mords already ran (freq=once-per-instance)
/var/log/cloud-init.log:2020-05-21 21:06:39,370 - helpers.py[DEBUG]: config-set-[1;31mpassw[0mords already ran (freq=once-per-instance)
/var/log/cloud-init.log:2020-05-22 00:27:59,654 - helpers.py[DEBUG]: config-set-[1;31mpassw[0mords already ran (freq=once-per-instance)
/var/log/cloud-init.log:2020-05-22 00:45:08,585 - helpers.py[DEBUG]: config-set-[1;31mpassw[0mords already ran (freq=once-per-instance)
/var/log/cloud-init.log:2020-06-16 09:03:11,158 - helpers.py[DEBUG]: config-set-[1;31mpassw[0mords already ran (freq=once-per-instance)
/var/log/cloud-init.log:2020-06-16 12:16:01,514 - helpers.py[DEBUG]: config-set-[1;31mpassw[0mords already ran (freq=once-per-instance)
/var/log/cloud-init.log:2020-06-16 14:05:21,705 - helpers.py[DEBUG]: config-set-[1;31mpassw[0mords already ran (freq=once-per-instance)
/var/log/cloud-init.log:2020-06-16 14:15:38,969 - helpers.py[DEBUG]: config-set-[1;31mpassw[0mords already ran (freq=once-per-instance)
/var/log/cloud-init.log:2020-06-16 16:38:39,778 - helpers.py[DEBUG]: config-set-[1;31mpassw[0mords already ran (freq=once-per-instance)
/var/log/cloud-init.log:2020-06-16 17:53:24,763 - helpers.py[DEBUG]: config-set-[1;31mpassw[0mords already ran (freq=once-per-instance)
/var/log/cloud-init.log:2020-06-16 20:12:10,683 - helpers.py[DEBUG]: config-set-[1;31mpassw[0mords already ran (freq=once-per-instance)
/var/log/cloud-init.log:2020-06-16 21:06:22,769 - helpers.py[DEBUG]: config-set-[1;31mpassw[0mords already ran (freq=once-per-instance)
/var/log/cloud-init.log:2020-06-17 08:24:59,134 - helpers.py[DEBUG]: config-set-[1;31mpassw[0mords already ran (freq=once-per-instance)
/var/log/cloud-init.log:2020-06-17 08:26:30,745 - helpers.py[DEBUG]: config-set-[1;31mpassw[0mords already ran (freq=once-per-instance)
/var/log/cloud-init.log:2020-06-17 15:44:46,658 - helpers.py[DEBUG]: config-set-[1;31mpassw[0mords already ran (freq=once-per-instance)
/var/log/cloud-init.log:2020-06-17 16:22:29,697 - helpers.py[DEBUG]: config-set-[1;31mpassw[0mords already ran (freq=once-per-instance)
/var/log/cloud-init.log:2020-06-17 21:48:55,526 - helpers.py[DEBUG]: config-set-[1;31mpassw[0mords already ran (freq=once-per-instance)
/var/log/cloud-init.log:2020-06-17 21:51:57,307 - helpers.py[DEBUG]: config-set-[1;31mpassw[0mords already ran (freq=once-per-instance)
/var/log/cloud-init.log:2020-06-17 21:58:23,207 - helpers.py[DEBUG]: config-set-[1;31mpassw[0mords already ran (freq=once-per-instance)
/var/log/cloud-init.log:2020-06-20 20:59:15,918 - helpers.py[DEBUG]: config-set-[1;31mpassw[0mords already ran (freq=once-per-instance)
/var/log/cloud-init.log:2020-09-13 08:59:18,626 - helpers.py[DEBUG]: config-set-[1;31mpassw[0mords already ran (freq=once-per-instance)
/var/log/dmesg.0:[    4.733935] systemd[1]: Started Forward Password Requests to Wall Directory Watch.
/var/log/dmesg.0:[    5.038158] systemd[1]: Started Dispatch Password Requests to Console Directory Watch.
/var/log/dmesg.0:[    5.039411] systemd[1]: Condition check resulted in Forward Password Requests to Plymouth Directory Watch being skipped.
/var/log/dmesg:[    6.196302] systemd[1]: Started Forward Password Requests to Wall Directory Watch.
/var/log/dmesg:[    7.008795] systemd[1]: Started Dispatch Password Requests to Console Directory Watch.
/var/log/dmesg:[    7.009389] systemd[1]: Condition check resulted in Forward Password Requests to Plymouth Directory Watch being skipped.
/var/log/installer/installer-journal.txt:May 19 10:12:18 ubuntu-server systemd[1]: Started Dispatch Password Requests to Console Directory Watch.
/var/log/installer/installer-journal.txt:May 19 10:12:18 ubuntu-server systemd[1]: Started Forward Password Requests to Wall Directory Watch.
/var/log/installer/installer-journal.txt:May 19 10:12:34 ubuntu-server ch[1;31mpassw[0md[1795]: pam_unix(chpasswd:chauthtok): password changed for installer
/var/log/installer/installer-journal.txt:May 19 10:12:34 ubuntu-server cloud-init[1794]: Set the following 'random' [1;31mpassw[0mords
/var/log/installer/installer-journal.txt:May 19 10:28:32 ubuntu-server chage[14704]: changed [1;31mpassw[0mord expiry for sshd
/var/log/installer/installer-journal.txt:May 19 10:28:32 ubuntu-server usermod[14697]: change user 'sshd' [1;31mpassw[0mord

[1;33m[+] [1;32mFinding emails inside logs (limit 70)
[0m      4 /var/log/bootstrap.log:[1;32mftpmaster@ubuntu.com[0m
      1 /var/log/installer/installer-journal.txt:giometti@linux.it
      1 /var/log/installer/installer-journal.txt:[1;32mdm-devel@redhat.com[0m
      1 /var/log/dmesg:giometti@linux.it
      1 /var/log/dmesg:[1;32mdm-devel@redhat.com[0m
      1 /var/log/dmesg.0:giometti@linux.it
      1 /var/log/dmesg.0:[1;32mdm-devel@redhat.com[0m

[1;33m[+] [1;32mFinding *password* or *credential* files in home (limit 70)
[0m
[1;33m[+] [1;32mFinding 'pwd' or 'passw' variables inside /home /var/www /var/backups /tmp /etc /root /mnt (limit 70)
[0m/etc/cloud/cloud.cfg:     lock_[1;31mpassw[0md: True
/etc/cloud/cloud.cfg:     sudo: ["ALL=(ALL) NO[1;31mPASSW[0mD:ALL"]
/etc/nsswitch.conf:[1;31mpassw[0md:         files systemd
/etc/php/7.4/apache2/php.ini:; Define the anonymous ftp [1;31mpassw[0mord (your email address). PHP's default setting
/etc/php/7.4/cli/php.ini:; Define the anonymous ftp [1;31mpassw[0mord (your email address). PHP's default setting
/etc/security/namespace.init:                gid=$(echo "$[1;31mpassw[0md" | cut -f4 -d":")
/etc/security/namespace.init:        homedir=$(echo "$[1;31mpassw[0md" | cut -f6 -d":")
/etc/security/namespace.init:        [1;31mpassw[0md=$(getent [1;31mpassw[0md "$user")
/etc/tomcat9/tomcat-users.xml:  you must define such a user - the username and [1;31mpassw[0mord are arbitrary. It is
/tmp/LinEnum.sh:  echo -e "\e[00;31m[-] Contents of /etc/[1;31mpassw[0md:\e[00m\n$read[1;31mpassw[0md" 
/tmp/LinEnum.sh:    echo -e "\e[00;33m[-] ht[1;31mpassw[0md found - could contain [1;31mpassw[0mords:\e[00m\n$ht[1;31mpassw[0md"
/tmp/LinEnum.sh:hashesin[1;31mpassw[0md=`grep -v '^[^:]*:[x]' /etc/[1;31mpassw[0md 2>/dev/null`
/tmp/LinEnum.sh:ht[1;31mpassw[0md=`find / -name .ht[1;31mpassw[0md -print -exec cat {} \; 2>/dev/null`
/tmp/LinEnum.sh:readmaster[1;31mpassw[0md=`cat /etc/master.[1;31mpassw[0md 2>/dev/null`
/tmp/LinEnum.sh:read[1;31mpassw[0md=`cat /etc/[1;31mpassw[0md 2>/dev/null`
/tmp/linpeas.log:     lock_[1;31mpassw[0md: True
/tmp/linpeas.log:     sudo: ["ALL=(ALL) NO[1;31mPASSW[0mD:ALL"]
/tmp/linpeas.output:/etc/php/7.4/apache2/php.ini:; Define the anonymous ftp [1;31m[1;31mpassw[0m[0mord (your email address). PHP's default setting
/tmp/linpeas.output:/etc/php/7.4/cli/php.ini:; Define the anonymous ftp [1;31m[1;31mpassw[0m[0mord (your email address). PHP's default setting
/tmp/linpeas.output:/etc/tomcat9/tomcat-users.xml:  you must define such a user - the username and [1;31m[1;31mpassw[0m[0mord are arbitrary. It is
/tmp/linpeas.output:     lock_[1;31mpassw[0md: True
/tmp/linpeas.output:     sudo: ["ALL=(ALL) NO[1;31mPASSW[0mD:ALL"]
/tmp/linpeas.sh.1:      SHELLUSERS=`cat /etc/[1;31mpassw[0md 2>/dev/null | grep -i "sh$" | cut -d ":" -f 1`
/tmp/linpeas.sh:      SHELLUSERS=`cat /etc/[1;31mpassw[0md 2>/dev/null | grep -i "sh$" | cut -d ":" -f 1`

[1;33m[+] [1;32mFinding possible password variables inside /home /var/www /var/backups /tmp /etc /root /mnt (limit 70)
[0m
[1;33m[+] [1;32mFinding 'username' string inside /home /var/www /var/backups /tmp /etc /root /mnt (limit 70)
[0m/etc/tomcat9/tomcat-users.xml:  <user [1;31musername[0m="both" password="<must-be-changed>" roles="tomcat,role1"/>
/etc/tomcat9/tomcat-users.xml:  <user [1;31musername[0m="role1" password="<must-be-changed>" roles="role1"/>
/etc/tomcat9/tomcat-users.xml:   <user [1;31musername[0m="tomcat" password="$3cureP4s5w0rd123!" roles="admin-gui,manager-script"/>
/etc/tomcat9/tomcat-users.xml:  <user [1;31musername[0m="tomcat" password="<must-be-changed>" roles="tomcat"/>
/tmp/linpeas.log:[1;31m  <user [1;31musername[0m="both" password="<must-be-changed>" roles="tomcat,role1"/>[0m
/tmp/linpeas.log:[1;31m  <user [1;31musername[0m="role1" password="<must-be-changed>" roles="role1"/>[0m
/tmp/linpeas.log:[1;31m   <user [1;31musername[0m="tomcat" password="$3cureP4s5w0rd123!" roles="admin-gui,manager-script"/>[0m
/tmp/linpeas.log:[1;31m  <user [1;31musername[0m="tomcat" password="<must-be-changed>" roles="tomcat"/>[0m
/tmp/linpeas.output:[0m/etc/tomcat9/tomcat-users.xml:  <user [1;31m[1;31musername[0m[0m="both" password="<must-be-changed>" roles="tomcat,role1"/>
/tmp/linpeas.output:[1;31m  <user [1;31musername[0m="both" password="<must-be-changed>" roles="tomcat,role1"/>[0m
/tmp/linpeas.output:[1;31m  <user [1;31musername[0m="role1" password="<must-be-changed>" roles="role1"/>[0m
/tmp/linpeas.output:[1;31m   <user [1;31musername[0m="tomcat" password="$3cureP4s5w0rd123!" roles="admin-gui,manager-script"/>[0m
/tmp/linpeas.output:[1;31m  <user [1;31musername[0m="tomcat" password="<must-be-changed>" roles="tomcat"/>[0m
/tmp/linpeas.output:/etc/tomcat9/tomcat-users.xml:  <user [1;31m[1;31musername[0m[0m="role1" password="<must-be-changed>" roles="role1"/>
/tmp/linpeas.output:/etc/tomcat9/tomcat-users.xml:  <user [1;31m[1;31musername[0m[0m="tomcat" password="<must-be-changed>" roles="tomcat"/>
/tmp/linpeas.output:/tmp/linpeas.output:[1;31m  <user [1;31m[1;31musername[0m[0m="both" password="<must-be-changed>" roles="tomcat,role1"/>[0m
/tmp/linpeas.output:/tmp/linpeas.output:[1;31m  <user [1;31m[1;31musername[0m[0m="role1" password="<must-be-changed>" roles="role1"/>[0m
/tmp/linpeas.output:/tmp/linpeas.output:[1;31m  <user [1;31m[1;31musername[0m[0m="tomcat" password="<must-be-changed>" roles="tomcat"/>[0m
/tmp/linpeas.sh.1:    for f in $tomcat; do grep "[1;31musername[0m=" "$f" 2>/dev/null | grep "password=" | sed "s,.*,${C}[1;31m&${C}[0m,"; done
/tmp/linpeas.sh:    for f in $tomcat; do grep "[1;31musername[0m=" $f 2>/dev/null | grep "password=" | sed "s,.*,${C}[1;31m&${C}[0m,"; done

[1;33m[+] [1;32mLooking for specific hashes inside files - less false positives (limit 70)
[0m
